{"C:\\Users\\28449\\Desktop\\advanced-finance-tracker\\main.js": {"path":"C:\\Users\\28449\\Desktop\\advanced-finance-tracker\\main.js","all":false,"statementMap":{"0":{"start":{"line":1,"column":0},"end":{"line":1,"column":13}},"1":{"start":{"line":2,"column":0},"end":{"line":2,"column":0}},"2":{"start":{"line":3,"column":0},"end":{"line":3,"column":37}},"3":{"start":{"line":4,"column":0},"end":{"line":4,"column":29}},"4":{"start":{"line":5,"column":0},"end":{"line":5,"column":22}},"5":{"start":{"line":6,"column":0},"end":{"line":6,"column":12}},"6":{"start":{"line":7,"column":0},"end":{"line":7,"column":27}},"7":{"start":{"line":8,"column":0},"end":{"line":8,"column":26}},"8":{"start":{"line":9,"column":0},"end":{"line":9,"column":26}},"9":{"start":{"line":10,"column":0},"end":{"line":10,"column":28}},"10":{"start":{"line":11,"column":0},"end":{"line":11,"column":29}},"11":{"start":{"line":12,"column":0},"end":{"line":12,"column":2}},"12":{"start":{"line":13,"column":0},"end":{"line":13,"column":0}},"13":{"start":{"line":14,"column":0},"end":{"line":14,"column":18}},"14":{"start":{"line":15,"column":0},"end":{"line":15,"column":59}},"15":{"start":{"line":16,"column":0},"end":{"line":16,"column":0}},"16":{"start":{"line":17,"column":0},"end":{"line":17,"column":103}},"17":{"start":{"line":18,"column":0},"end":{"line":18,"column":36}},"18":{"start":{"line":19,"column":0},"end":{"line":19,"column":0}},"19":{"start":{"line":20,"column":0},"end":{"line":20,"column":41}},"20":{"start":{"line":21,"column":0},"end":{"line":21,"column":40}},"21":{"start":{"line":22,"column":0},"end":{"line":22,"column":0}},"22":{"start":{"line":23,"column":0},"end":{"line":23,"column":15}},"23":{"start":{"line":24,"column":0},"end":{"line":24,"column":19}},"24":{"start":{"line":25,"column":0},"end":{"line":25,"column":12}},"25":{"start":{"line":26,"column":0},"end":{"line":26,"column":20}},"26":{"start":{"line":27,"column":0},"end":{"line":27,"column":16}},"27":{"start":{"line":28,"column":0},"end":{"line":28,"column":15}},"28":{"start":{"line":29,"column":0},"end":{"line":29,"column":4}},"29":{"start":{"line":30,"column":0},"end":{"line":30,"column":18}},"30":{"start":{"line":31,"column":0},"end":{"line":31,"column":24}},"31":{"start":{"line":32,"column":0},"end":{"line":32,"column":16}},"32":{"start":{"line":33,"column":0},"end":{"line":33,"column":2}},"33":{"start":{"line":34,"column":0},"end":{"line":34,"column":0}},"34":{"start":{"line":35,"column":0},"end":{"line":35,"column":13}},"35":{"start":{"line":36,"column":0},"end":{"line":36,"column":51}},"36":{"start":{"line":37,"column":0},"end":{"line":37,"column":52}},"37":{"start":{"line":38,"column":0},"end":{"line":38,"column":54}},"38":{"start":{"line":39,"column":0},"end":{"line":39,"column":58}},"39":{"start":{"line":40,"column":0},"end":{"line":40,"column":50}},"40":{"start":{"line":41,"column":0},"end":{"line":41,"column":52}},"41":{"start":{"line":42,"column":0},"end":{"line":42,"column":54}},"42":{"start":{"line":43,"column":0},"end":{"line":43,"column":58}},"43":{"start":{"line":44,"column":0},"end":{"line":44,"column":50}},"44":{"start":{"line":45,"column":0},"end":{"line":45,"column":50}},"45":{"start":{"line":46,"column":0},"end":{"line":46,"column":58}},"46":{"start":{"line":47,"column":0},"end":{"line":47,"column":60}},"47":{"start":{"line":48,"column":0},"end":{"line":48,"column":52}},"48":{"start":{"line":49,"column":0},"end":{"line":49,"column":54}},"49":{"start":{"line":50,"column":0},"end":{"line":50,"column":62}},"50":{"start":{"line":51,"column":0},"end":{"line":51,"column":56}},"51":{"start":{"line":52,"column":0},"end":{"line":52,"column":60}},"52":{"start":{"line":53,"column":0},"end":{"line":53,"column":64}},"53":{"start":{"line":54,"column":0},"end":{"line":54,"column":56}},"54":{"start":{"line":55,"column":0},"end":{"line":55,"column":56}},"55":{"start":{"line":56,"column":0},"end":{"line":56,"column":54}},"56":{"start":{"line":57,"column":0},"end":{"line":57,"column":58}},"57":{"start":{"line":58,"column":0},"end":{"line":58,"column":56}},"58":{"start":{"line":59,"column":0},"end":{"line":59,"column":56}},"59":{"start":{"line":60,"column":0},"end":{"line":60,"column":64}},"60":{"start":{"line":61,"column":0},"end":{"line":61,"column":62}},"61":{"start":{"line":62,"column":0},"end":{"line":62,"column":60}},"62":{"start":{"line":63,"column":0},"end":{"line":63,"column":48}},"63":{"start":{"line":64,"column":0},"end":{"line":64,"column":2}},"64":{"start":{"line":65,"column":0},"end":{"line":65,"column":0}},"65":{"start":{"line":66,"column":0},"end":{"line":66,"column":26}},"66":{"start":{"line":67,"column":0},"end":{"line":67,"column":67}},"67":{"start":{"line":68,"column":0},"end":{"line":68,"column":2}},"68":{"start":{"line":69,"column":0},"end":{"line":69,"column":0}},"69":{"start":{"line":70,"column":0},"end":{"line":70,"column":34}},"70":{"start":{"line":71,"column":0},"end":{"line":71,"column":72}},"71":{"start":{"line":72,"column":0},"end":{"line":72,"column":2}},"72":{"start":{"line":73,"column":0},"end":{"line":73,"column":0}},"73":{"start":{"line":74,"column":0},"end":{"line":74,"column":36}},"74":{"start":{"line":75,"column":0},"end":{"line":75,"column":51}},"75":{"start":{"line":76,"column":0},"end":{"line":76,"column":56}},"76":{"start":{"line":77,"column":0},"end":{"line":77,"column":2}},"77":{"start":{"line":78,"column":0},"end":{"line":78,"column":0}},"78":{"start":{"line":79,"column":0},"end":{"line":79,"column":25}},"79":{"start":{"line":80,"column":0},"end":{"line":80,"column":47}},"80":{"start":{"line":81,"column":0},"end":{"line":81,"column":2}},"81":{"start":{"line":82,"column":0},"end":{"line":82,"column":0}},"82":{"start":{"line":83,"column":0},"end":{"line":83,"column":29}},"83":{"start":{"line":84,"column":0},"end":{"line":84,"column":22}},"84":{"start":{"line":85,"column":0},"end":{"line":85,"column":67}},"85":{"start":{"line":86,"column":0},"end":{"line":86,"column":34}},"86":{"start":{"line":87,"column":0},"end":{"line":87,"column":98}},"87":{"start":{"line":88,"column":0},"end":{"line":88,"column":14}},"88":{"start":{"line":89,"column":0},"end":{"line":89,"column":12}},"89":{"start":{"line":90,"column":0},"end":{"line":90,"column":15}},"90":{"start":{"line":91,"column":0},"end":{"line":91,"column":2}},"91":{"start":{"line":92,"column":0},"end":{"line":92,"column":0}},"92":{"start":{"line":93,"column":0},"end":{"line":93,"column":25}},"93":{"start":{"line":94,"column":0},"end":{"line":94,"column":54}},"94":{"start":{"line":95,"column":0},"end":{"line":95,"column":34}},"95":{"start":{"line":96,"column":0},"end":{"line":96,"column":2}},"96":{"start":{"line":97,"column":0},"end":{"line":97,"column":0}},"97":{"start":{"line":98,"column":0},"end":{"line":98,"column":53}},"98":{"start":{"line":99,"column":0},"end":{"line":99,"column":46}},"99":{"start":{"line":100,"column":0},"end":{"line":100,"column":73}},"100":{"start":{"line":101,"column":0},"end":{"line":101,"column":30}},"101":{"start":{"line":102,"column":0},"end":{"line":102,"column":40}},"102":{"start":{"line":103,"column":0},"end":{"line":103,"column":41}},"103":{"start":{"line":104,"column":0},"end":{"line":104,"column":2}},"104":{"start":{"line":105,"column":0},"end":{"line":105,"column":0}},"105":{"start":{"line":106,"column":0},"end":{"line":106,"column":27}},"106":{"start":{"line":107,"column":0},"end":{"line":107,"column":18}},"107":{"start":{"line":108,"column":0},"end":{"line":108,"column":53}},"108":{"start":{"line":109,"column":0},"end":{"line":109,"column":55}},"109":{"start":{"line":110,"column":0},"end":{"line":110,"column":59}},"110":{"start":{"line":111,"column":0},"end":{"line":111,"column":51}},"111":{"start":{"line":112,"column":0},"end":{"line":112,"column":4}},"112":{"start":{"line":113,"column":0},"end":{"line":113,"column":0}},"113":{"start":{"line":114,"column":0},"end":{"line":114,"column":40}},"114":{"start":{"line":115,"column":0},"end":{"line":115,"column":41}},"115":{"start":{"line":116,"column":0},"end":{"line":116,"column":27}},"116":{"start":{"line":117,"column":0},"end":{"line":117,"column":5}},"117":{"start":{"line":118,"column":0},"end":{"line":118,"column":2}},"118":{"start":{"line":119,"column":0},"end":{"line":119,"column":0}},"119":{"start":{"line":120,"column":0},"end":{"line":120,"column":47}},"120":{"start":{"line":121,"column":0},"end":{"line":121,"column":36}},"121":{"start":{"line":122,"column":0},"end":{"line":122,"column":32}},"122":{"start":{"line":123,"column":0},"end":{"line":123,"column":2}},"123":{"start":{"line":124,"column":0},"end":{"line":124,"column":0}},"124":{"start":{"line":125,"column":0},"end":{"line":125,"column":28}},"125":{"start":{"line":126,"column":0},"end":{"line":126,"column":16}},"126":{"start":{"line":127,"column":0},"end":{"line":127,"column":0}},"127":{"start":{"line":128,"column":0},"end":{"line":128,"column":44}},"128":{"start":{"line":129,"column":0},"end":{"line":129,"column":51}},"129":{"start":{"line":130,"column":0},"end":{"line":130,"column":37}},"130":{"start":{"line":131,"column":0},"end":{"line":131,"column":43}},"131":{"start":{"line":132,"column":0},"end":{"line":132,"column":35}},"132":{"start":{"line":133,"column":0},"end":{"line":133,"column":0}},"133":{"start":{"line":134,"column":0},"end":{"line":134,"column":21}},"134":{"start":{"line":135,"column":0},"end":{"line":135,"column":0}},"135":{"start":{"line":136,"column":0},"end":{"line":136,"column":15}},"136":{"start":{"line":137,"column":0},"end":{"line":137,"column":67}},"137":{"start":{"line":138,"column":0},"end":{"line":138,"column":20}},"138":{"start":{"line":139,"column":0},"end":{"line":139,"column":3}},"139":{"start":{"line":140,"column":0},"end":{"line":140,"column":0}},"140":{"start":{"line":141,"column":0},"end":{"line":141,"column":61}},"141":{"start":{"line":142,"column":0},"end":{"line":142,"column":72}},"142":{"start":{"line":143,"column":0},"end":{"line":143,"column":20}},"143":{"start":{"line":144,"column":0},"end":{"line":144,"column":3}},"144":{"start":{"line":145,"column":0},"end":{"line":145,"column":0}},"145":{"start":{"line":146,"column":0},"end":{"line":146,"column":18}},"146":{"start":{"line":147,"column":0},"end":{"line":147,"column":73}},"147":{"start":{"line":148,"column":0},"end":{"line":148,"column":20}},"148":{"start":{"line":149,"column":0},"end":{"line":149,"column":3}},"149":{"start":{"line":150,"column":0},"end":{"line":150,"column":0}},"150":{"start":{"line":151,"column":0},"end":{"line":151,"column":14}},"151":{"start":{"line":152,"column":0},"end":{"line":152,"column":59}},"152":{"start":{"line":153,"column":0},"end":{"line":153,"column":20}},"153":{"start":{"line":154,"column":0},"end":{"line":154,"column":3}},"154":{"start":{"line":155,"column":0},"end":{"line":155,"column":0}},"155":{"start":{"line":156,"column":0},"end":{"line":156,"column":17}},"156":{"start":{"line":157,"column":0},"end":{"line":157,"column":2}},"157":{"start":{"line":158,"column":0},"end":{"line":158,"column":0}},"158":{"start":{"line":159,"column":0},"end":{"line":159,"column":30}},"159":{"start":{"line":160,"column":0},"end":{"line":160,"column":19}},"160":{"start":{"line":161,"column":0},"end":{"line":161,"column":25}},"161":{"start":{"line":162,"column":0},"end":{"line":162,"column":75}},"162":{"start":{"line":163,"column":0},"end":{"line":163,"column":34}},"163":{"start":{"line":164,"column":0},"end":{"line":164,"column":16}},"164":{"start":{"line":165,"column":0},"end":{"line":165,"column":2}},"165":{"start":{"line":166,"column":0},"end":{"line":166,"column":0}},"166":{"start":{"line":167,"column":0},"end":{"line":167,"column":30}},"167":{"start":{"line":168,"column":0},"end":{"line":168,"column":24}},"168":{"start":{"line":169,"column":0},"end":{"line":169,"column":83}},"169":{"start":{"line":170,"column":0},"end":{"line":170,"column":11}},"170":{"start":{"line":171,"column":0},"end":{"line":171,"column":3}},"171":{"start":{"line":172,"column":0},"end":{"line":172,"column":0}},"172":{"start":{"line":173,"column":0},"end":{"line":173,"column":44}},"173":{"start":{"line":174,"column":0},"end":{"line":174,"column":47}},"174":{"start":{"line":175,"column":0},"end":{"line":175,"column":43}},"175":{"start":{"line":176,"column":0},"end":{"line":176,"column":35}},"176":{"start":{"line":177,"column":0},"end":{"line":177,"column":0}},"177":{"start":{"line":178,"column":0},"end":{"line":178,"column":24}},"178":{"start":{"line":179,"column":0},"end":{"line":179,"column":55}},"179":{"start":{"line":180,"column":0},"end":{"line":180,"column":80}},"180":{"start":{"line":181,"column":0},"end":{"line":181,"column":6}},"181":{"start":{"line":182,"column":0},"end":{"line":182,"column":69}},"182":{"start":{"line":183,"column":0},"end":{"line":183,"column":10}},"183":{"start":{"line":184,"column":0},"end":{"line":184,"column":28}},"184":{"start":{"line":185,"column":0},"end":{"line":185,"column":23}},"185":{"start":{"line":186,"column":0},"end":{"line":186,"column":12}},"186":{"start":{"line":187,"column":0},"end":{"line":187,"column":13}},"187":{"start":{"line":188,"column":0},"end":{"line":188,"column":15}},"188":{"start":{"line":189,"column":0},"end":{"line":189,"column":11}},"189":{"start":{"line":190,"column":0},"end":{"line":190,"column":6}},"190":{"start":{"line":191,"column":0},"end":{"line":191,"column":0}},"191":{"start":{"line":192,"column":0},"end":{"line":192,"column":65}},"192":{"start":{"line":193,"column":0},"end":{"line":193,"column":65}},"193":{"start":{"line":194,"column":0},"end":{"line":194,"column":3}},"194":{"start":{"line":195,"column":0},"end":{"line":195,"column":0}},"195":{"start":{"line":196,"column":0},"end":{"line":196,"column":19}},"196":{"start":{"line":197,"column":0},"end":{"line":197,"column":23}},"197":{"start":{"line":198,"column":0},"end":{"line":198,"column":14}},"198":{"start":{"line":199,"column":0},"end":{"line":199,"column":2}},"199":{"start":{"line":200,"column":0},"end":{"line":200,"column":0}},"200":{"start":{"line":201,"column":0},"end":{"line":201,"column":30}},"201":{"start":{"line":202,"column":0},"end":{"line":202,"column":68}},"202":{"start":{"line":203,"column":0},"end":{"line":203,"column":27}},"203":{"start":{"line":204,"column":0},"end":{"line":204,"column":0}},"204":{"start":{"line":205,"column":0},"end":{"line":205,"column":43}},"205":{"start":{"line":206,"column":0},"end":{"line":206,"column":45}},"206":{"start":{"line":207,"column":0},"end":{"line":207,"column":49}},"207":{"start":{"line":208,"column":0},"end":{"line":208,"column":41}},"208":{"start":{"line":209,"column":0},"end":{"line":209,"column":0}},"209":{"start":{"line":210,"column":0},"end":{"line":210,"column":23}},"210":{"start":{"line":211,"column":0},"end":{"line":211,"column":69}},"211":{"start":{"line":212,"column":0},"end":{"line":212,"column":35}},"212":{"start":{"line":213,"column":0},"end":{"line":213,"column":25}},"213":{"start":{"line":214,"column":0},"end":{"line":214,"column":61}},"214":{"start":{"line":215,"column":0},"end":{"line":215,"column":2}},"215":{"start":{"line":216,"column":0},"end":{"line":216,"column":0}},"216":{"start":{"line":217,"column":0},"end":{"line":217,"column":38}},"217":{"start":{"line":218,"column":0},"end":{"line":218,"column":74}},"218":{"start":{"line":219,"column":0},"end":{"line":219,"column":26}},"219":{"start":{"line":220,"column":0},"end":{"line":220,"column":17}},"220":{"start":{"line":221,"column":0},"end":{"line":221,"column":39}},"221":{"start":{"line":222,"column":0},"end":{"line":222,"column":5}},"222":{"start":{"line":223,"column":0},"end":{"line":223,"column":0}},"223":{"start":{"line":224,"column":0},"end":{"line":224,"column":13}},"224":{"start":{"line":225,"column":0},"end":{"line":225,"column":35}},"225":{"start":{"line":226,"column":0},"end":{"line":226,"column":71}},"226":{"start":{"line":227,"column":0},"end":{"line":227,"column":23}},"227":{"start":{"line":228,"column":0},"end":{"line":228,"column":14}},"228":{"start":{"line":229,"column":0},"end":{"line":229,"column":67}},"229":{"start":{"line":230,"column":0},"end":{"line":230,"column":50}},"230":{"start":{"line":231,"column":0},"end":{"line":231,"column":22}},"231":{"start":{"line":232,"column":0},"end":{"line":232,"column":24}},"232":{"start":{"line":233,"column":0},"end":{"line":233,"column":11}},"233":{"start":{"line":234,"column":0},"end":{"line":234,"column":3}},"234":{"start":{"line":235,"column":0},"end":{"line":235,"column":2}},"235":{"start":{"line":236,"column":0},"end":{"line":236,"column":0}},"236":{"start":{"line":237,"column":0},"end":{"line":237,"column":37}},"237":{"start":{"line":238,"column":0},"end":{"line":238,"column":32}},"238":{"start":{"line":239,"column":0},"end":{"line":239,"column":47}},"239":{"start":{"line":240,"column":0},"end":{"line":240,"column":59}},"240":{"start":{"line":241,"column":0},"end":{"line":241,"column":5}},"241":{"start":{"line":242,"column":0},"end":{"line":242,"column":0}},"242":{"start":{"line":243,"column":0},"end":{"line":243,"column":36}},"243":{"start":{"line":244,"column":0},"end":{"line":244,"column":34}},"244":{"start":{"line":245,"column":0},"end":{"line":245,"column":50}},"245":{"start":{"line":246,"column":0},"end":{"line":246,"column":58}},"246":{"start":{"line":247,"column":0},"end":{"line":247,"column":5}},"247":{"start":{"line":248,"column":0},"end":{"line":248,"column":0}},"248":{"start":{"line":249,"column":0},"end":{"line":249,"column":14}},"249":{"start":{"line":250,"column":0},"end":{"line":250,"column":34}},"250":{"start":{"line":251,"column":0},"end":{"line":251,"column":29}},"251":{"start":{"line":252,"column":0},"end":{"line":252,"column":52}},"252":{"start":{"line":253,"column":0},"end":{"line":253,"column":0}},"253":{"start":{"line":254,"column":0},"end":{"line":254,"column":44}},"254":{"start":{"line":255,"column":0},"end":{"line":255,"column":56}},"255":{"start":{"line":256,"column":0},"end":{"line":256,"column":20}},"256":{"start":{"line":257,"column":0},"end":{"line":257,"column":32}},"257":{"start":{"line":258,"column":0},"end":{"line":258,"column":9}},"258":{"start":{"line":259,"column":0},"end":{"line":259,"column":63}},"259":{"start":{"line":260,"column":0},"end":{"line":260,"column":2}},"260":{"start":{"line":261,"column":0},"end":{"line":261,"column":0}},"261":{"start":{"line":262,"column":0},"end":{"line":262,"column":33}},"262":{"start":{"line":263,"column":0},"end":{"line":263,"column":31}},"263":{"start":{"line":264,"column":0},"end":{"line":264,"column":47}},"264":{"start":{"line":265,"column":0},"end":{"line":265,"column":55}},"265":{"start":{"line":266,"column":0},"end":{"line":266,"column":66}},"266":{"start":{"line":267,"column":0},"end":{"line":267,"column":89}},"267":{"start":{"line":268,"column":0},"end":{"line":268,"column":37}},"268":{"start":{"line":269,"column":0},"end":{"line":269,"column":3}},"269":{"start":{"line":270,"column":0},"end":{"line":270,"column":2}},"270":{"start":{"line":271,"column":0},"end":{"line":271,"column":0}},"271":{"start":{"line":272,"column":0},"end":{"line":272,"column":13}},"272":{"start":{"line":273,"column":0},"end":{"line":273,"column":31}},"273":{"start":{"line":274,"column":0},"end":{"line":274,"column":30}},"274":{"start":{"line":275,"column":0},"end":{"line":275,"column":0}},"275":{"start":{"line":276,"column":0},"end":{"line":276,"column":72}},"276":{"start":{"line":277,"column":0},"end":{"line":277,"column":44}},"277":{"start":{"line":278,"column":0},"end":{"line":278,"column":70}},"278":{"start":{"line":279,"column":0},"end":{"line":279,"column":0}},"279":{"start":{"line":280,"column":0},"end":{"line":280,"column":19}},"280":{"start":{"line":281,"column":0},"end":{"line":281,"column":50}},"281":{"start":{"line":282,"column":0},"end":{"line":282,"column":26}},"282":{"start":{"line":283,"column":0},"end":{"line":283,"column":26}},"283":{"start":{"line":284,"column":0},"end":{"line":284,"column":5}},"284":{"start":{"line":285,"column":0},"end":{"line":285,"column":4}},"285":{"start":{"line":286,"column":0},"end":{"line":286,"column":8}},"286":{"start":{"line":287,"column":0},"end":{"line":287,"column":49}},"287":{"start":{"line":288,"column":0},"end":{"line":288,"column":27}},"288":{"start":{"line":289,"column":0},"end":{"line":289,"column":25}},"289":{"start":{"line":290,"column":0},"end":{"line":290,"column":5}},"290":{"start":{"line":291,"column":0},"end":{"line":291,"column":3}},"291":{"start":{"line":292,"column":0},"end":{"line":292,"column":2}},"292":{"start":{"line":293,"column":0},"end":{"line":293,"column":0}},"293":{"start":{"line":294,"column":0},"end":{"line":294,"column":15}},"294":{"start":{"line":295,"column":0},"end":{"line":295,"column":32}},"295":{"start":{"line":296,"column":0},"end":{"line":296,"column":63}},"296":{"start":{"line":297,"column":0},"end":{"line":297,"column":0}},"297":{"start":{"line":298,"column":0},"end":{"line":298,"column":32}},"298":{"start":{"line":299,"column":0},"end":{"line":299,"column":38}},"299":{"start":{"line":300,"column":0},"end":{"line":300,"column":49}},"300":{"start":{"line":301,"column":0},"end":{"line":301,"column":0}},"301":{"start":{"line":302,"column":0},"end":{"line":302,"column":34}},"302":{"start":{"line":303,"column":0},"end":{"line":303,"column":38}},"303":{"start":{"line":304,"column":0},"end":{"line":304,"column":49}},"304":{"start":{"line":305,"column":0},"end":{"line":305,"column":0}},"305":{"start":{"line":306,"column":0},"end":{"line":306,"column":54}},"306":{"start":{"line":307,"column":0},"end":{"line":307,"column":0}},"307":{"start":{"line":308,"column":0},"end":{"line":308,"column":63}},"308":{"start":{"line":309,"column":0},"end":{"line":309,"column":77}},"309":{"start":{"line":310,"column":0},"end":{"line":310,"column":65}},"310":{"start":{"line":311,"column":0},"end":{"line":311,"column":5}},"311":{"start":{"line":312,"column":0},"end":{"line":312,"column":0}},"312":{"start":{"line":313,"column":0},"end":{"line":313,"column":0}},"313":{"start":{"line":314,"column":0},"end":{"line":314,"column":17}},"314":{"start":{"line":315,"column":0},"end":{"line":315,"column":29}},"315":{"start":{"line":316,"column":0},"end":{"line":316,"column":133}},"316":{"start":{"line":317,"column":0},"end":{"line":317,"column":49}},"317":{"start":{"line":318,"column":0},"end":{"line":318,"column":2}},"318":{"start":{"line":319,"column":0},"end":{"line":319,"column":45}},"319":{"start":{"line":320,"column":0},"end":{"line":320,"column":34}},"320":{"start":{"line":321,"column":0},"end":{"line":321,"column":54}},"321":{"start":{"line":322,"column":0},"end":{"line":322,"column":0}},"322":{"start":{"line":323,"column":0},"end":{"line":323,"column":47}},"323":{"start":{"line":324,"column":0},"end":{"line":324,"column":34}},"324":{"start":{"line":325,"column":0},"end":{"line":325,"column":64}},"325":{"start":{"line":326,"column":0},"end":{"line":326,"column":0}},"326":{"start":{"line":327,"column":0},"end":{"line":327,"column":61}},"327":{"start":{"line":328,"column":0},"end":{"line":328,"column":0}},"328":{"start":{"line":329,"column":0},"end":{"line":329,"column":71}},"329":{"start":{"line":330,"column":0},"end":{"line":330,"column":75}},"330":{"start":{"line":331,"column":0},"end":{"line":331,"column":68}},"331":{"start":{"line":332,"column":0},"end":{"line":332,"column":2}},"332":{"start":{"line":333,"column":0},"end":{"line":333,"column":0}},"333":{"start":{"line":334,"column":0},"end":{"line":334,"column":37}},"334":{"start":{"line":335,"column":0},"end":{"line":335,"column":43}},"335":{"start":{"line":336,"column":0},"end":{"line":336,"column":0}},"336":{"start":{"line":337,"column":0},"end":{"line":337,"column":65}},"337":{"start":{"line":338,"column":0},"end":{"line":338,"column":0}},"338":{"start":{"line":339,"column":0},"end":{"line":339,"column":33}},"339":{"start":{"line":340,"column":0},"end":{"line":340,"column":41}},"340":{"start":{"line":341,"column":0},"end":{"line":341,"column":42}},"341":{"start":{"line":342,"column":0},"end":{"line":342,"column":43}},"342":{"start":{"line":343,"column":0},"end":{"line":343,"column":95}},"343":{"start":{"line":344,"column":0},"end":{"line":344,"column":128}},"344":{"start":{"line":345,"column":0},"end":{"line":345,"column":15}},"345":{"start":{"line":346,"column":0},"end":{"line":346,"column":9}},"346":{"start":{"line":347,"column":0},"end":{"line":347,"column":14}},"347":{"start":{"line":348,"column":0},"end":{"line":348,"column":6}},"348":{"start":{"line":349,"column":0},"end":{"line":349,"column":0}},"349":{"start":{"line":350,"column":0},"end":{"line":350,"column":43}},"350":{"start":{"line":351,"column":0},"end":{"line":351,"column":0}},"351":{"start":{"line":352,"column":0},"end":{"line":352,"column":44}},"352":{"start":{"line":353,"column":0},"end":{"line":353,"column":12}},"353":{"start":{"line":354,"column":0},"end":{"line":354,"column":21}},"354":{"start":{"line":355,"column":0},"end":{"line":355,"column":36}},"355":{"start":{"line":356,"column":0},"end":{"line":356,"column":54}},"356":{"start":{"line":357,"column":0},"end":{"line":357,"column":63}},"357":{"start":{"line":358,"column":0},"end":{"line":358,"column":17}},"358":{"start":{"line":359,"column":0},"end":{"line":359,"column":11}},"359":{"start":{"line":360,"column":0},"end":{"line":360,"column":8}},"360":{"start":{"line":361,"column":0},"end":{"line":361,"column":17}},"361":{"start":{"line":362,"column":0},"end":{"line":362,"column":5}},"362":{"start":{"line":363,"column":0},"end":{"line":363,"column":0}},"363":{"start":{"line":364,"column":0},"end":{"line":364,"column":34}},"364":{"start":{"line":365,"column":0},"end":{"line":365,"column":40}},"365":{"start":{"line":366,"column":0},"end":{"line":366,"column":54}},"366":{"start":{"line":367,"column":0},"end":{"line":367,"column":31}},"367":{"start":{"line":368,"column":0},"end":{"line":368,"column":33}},"368":{"start":{"line":369,"column":0},"end":{"line":369,"column":0}},"369":{"start":{"line":370,"column":0},"end":{"line":370,"column":30}},"370":{"start":{"line":371,"column":0},"end":{"line":371,"column":38}},"371":{"start":{"line":372,"column":0},"end":{"line":372,"column":39}},"372":{"start":{"line":373,"column":0},"end":{"line":373,"column":40}},"373":{"start":{"line":374,"column":0},"end":{"line":374,"column":124}},"374":{"start":{"line":375,"column":0},"end":{"line":375,"column":95}},"375":{"start":{"line":376,"column":0},"end":{"line":376,"column":68}},"376":{"start":{"line":377,"column":0},"end":{"line":377,"column":17}},"377":{"start":{"line":378,"column":0},"end":{"line":378,"column":12}},"378":{"start":{"line":379,"column":0},"end":{"line":379,"column":6}},"379":{"start":{"line":380,"column":0},"end":{"line":380,"column":11}},"380":{"start":{"line":381,"column":0},"end":{"line":381,"column":3}},"381":{"start":{"line":382,"column":0},"end":{"line":382,"column":0}},"382":{"start":{"line":383,"column":0},"end":{"line":383,"column":40}},"383":{"start":{"line":384,"column":0},"end":{"line":384,"column":0}},"384":{"start":{"line":385,"column":0},"end":{"line":385,"column":41}},"385":{"start":{"line":386,"column":0},"end":{"line":386,"column":9}},"386":{"start":{"line":387,"column":0},"end":{"line":387,"column":18}},"387":{"start":{"line":388,"column":0},"end":{"line":388,"column":33}},"388":{"start":{"line":389,"column":0},"end":{"line":389,"column":51}},"389":{"start":{"line":390,"column":0},"end":{"line":390,"column":60}},"390":{"start":{"line":391,"column":0},"end":{"line":391,"column":14}},"391":{"start":{"line":392,"column":0},"end":{"line":392,"column":8}},"392":{"start":{"line":393,"column":0},"end":{"line":393,"column":5}},"393":{"start":{"line":394,"column":0},"end":{"line":394,"column":14}},"394":{"start":{"line":395,"column":0},"end":{"line":395,"column":2}},"395":{"start":{"line":396,"column":0},"end":{"line":396,"column":0}},"396":{"start":{"line":397,"column":0},"end":{"line":397,"column":0}},"397":{"start":{"line":398,"column":0},"end":{"line":398,"column":42}},"398":{"start":{"line":399,"column":0},"end":{"line":399,"column":77}},"399":{"start":{"line":400,"column":0},"end":{"line":400,"column":55}},"400":{"start":{"line":401,"column":0},"end":{"line":401,"column":47}},"401":{"start":{"line":402,"column":0},"end":{"line":402,"column":0}},"402":{"start":{"line":403,"column":0},"end":{"line":403,"column":13}},"403":{"start":{"line":404,"column":0},"end":{"line":404,"column":32}},"404":{"start":{"line":405,"column":0},"end":{"line":405,"column":14}},"405":{"start":{"line":406,"column":0},"end":{"line":406,"column":56}},"406":{"start":{"line":407,"column":0},"end":{"line":407,"column":42}},"407":{"start":{"line":408,"column":0},"end":{"line":408,"column":54}},"408":{"start":{"line":409,"column":0},"end":{"line":409,"column":42}},"409":{"start":{"line":410,"column":0},"end":{"line":410,"column":17}},"410":{"start":{"line":411,"column":0},"end":{"line":411,"column":15}},"411":{"start":{"line":412,"column":0},"end":{"line":412,"column":14}},"412":{"start":{"line":413,"column":0},"end":{"line":413,"column":64}},"413":{"start":{"line":414,"column":0},"end":{"line":414,"column":68}},"414":{"start":{"line":415,"column":0},"end":{"line":415,"column":72}},"415":{"start":{"line":416,"column":0},"end":{"line":416,"column":15}},"416":{"start":{"line":417,"column":0},"end":{"line":417,"column":13}},"417":{"start":{"line":418,"column":0},"end":{"line":418,"column":7}},"418":{"start":{"line":419,"column":0},"end":{"line":419,"column":5}},"419":{"start":{"line":420,"column":0},"end":{"line":420,"column":0}},"420":{"start":{"line":421,"column":0},"end":{"line":421,"column":39}},"421":{"start":{"line":422,"column":0},"end":{"line":422,"column":74}},"422":{"start":{"line":423,"column":0},"end":{"line":423,"column":52}},"423":{"start":{"line":424,"column":0},"end":{"line":424,"column":2}},"424":{"start":{"line":425,"column":0},"end":{"line":425,"column":58}},"425":{"start":{"line":426,"column":0},"end":{"line":426,"column":70}},"426":{"start":{"line":427,"column":0},"end":{"line":427,"column":20}},"427":{"start":{"line":428,"column":0},"end":{"line":428,"column":19}},"428":{"start":{"line":429,"column":0},"end":{"line":429,"column":19}},"429":{"start":{"line":430,"column":0},"end":{"line":430,"column":5}},"430":{"start":{"line":431,"column":0},"end":{"line":431,"column":0}},"431":{"start":{"line":432,"column":0},"end":{"line":432,"column":80}},"432":{"start":{"line":433,"column":0},"end":{"line":433,"column":41}},"433":{"start":{"line":434,"column":0},"end":{"line":434,"column":0}},"434":{"start":{"line":435,"column":0},"end":{"line":435,"column":10}},"435":{"start":{"line":436,"column":0},"end":{"line":436,"column":29}},"436":{"start":{"line":437,"column":0},"end":{"line":437,"column":11}},"437":{"start":{"line":438,"column":0},"end":{"line":438,"column":55}},"438":{"start":{"line":439,"column":0},"end":{"line":439,"column":39}},"439":{"start":{"line":440,"column":0},"end":{"line":440,"column":58}},"440":{"start":{"line":441,"column":0},"end":{"line":441,"column":39}},"441":{"start":{"line":442,"column":0},"end":{"line":442,"column":14}},"442":{"start":{"line":443,"column":0},"end":{"line":443,"column":12}},"443":{"start":{"line":444,"column":0},"end":{"line":444,"column":11}},"444":{"start":{"line":445,"column":0},"end":{"line":445,"column":61}},"445":{"start":{"line":446,"column":0},"end":{"line":446,"column":87}},"446":{"start":{"line":447,"column":0},"end":{"line":447,"column":93}},"447":{"start":{"line":448,"column":0},"end":{"line":448,"column":12}},"448":{"start":{"line":449,"column":0},"end":{"line":449,"column":10}},"449":{"start":{"line":450,"column":0},"end":{"line":450,"column":4}},"450":{"start":{"line":451,"column":0},"end":{"line":451,"column":2}},"451":{"start":{"line":452,"column":0},"end":{"line":452,"column":0}},"452":{"start":{"line":453,"column":0},"end":{"line":453,"column":34}},"453":{"start":{"line":454,"column":0},"end":{"line":454,"column":51}},"454":{"start":{"line":455,"column":0},"end":{"line":455,"column":0}},"455":{"start":{"line":456,"column":0},"end":{"line":456,"column":44}},"456":{"start":{"line":457,"column":0},"end":{"line":457,"column":75}},"457":{"start":{"line":458,"column":0},"end":{"line":458,"column":0}},"458":{"start":{"line":459,"column":0},"end":{"line":459,"column":23}},"459":{"start":{"line":460,"column":0},"end":{"line":460,"column":23}},"460":{"start":{"line":461,"column":0},"end":{"line":461,"column":45}},"461":{"start":{"line":462,"column":0},"end":{"line":462,"column":44}},"462":{"start":{"line":463,"column":0},"end":{"line":463,"column":0}},"463":{"start":{"line":464,"column":0},"end":{"line":464,"column":80}},"464":{"start":{"line":465,"column":0},"end":{"line":465,"column":0}},"465":{"start":{"line":466,"column":0},"end":{"line":466,"column":59}},"466":{"start":{"line":467,"column":0},"end":{"line":467,"column":5}},"467":{"start":{"line":468,"column":0},"end":{"line":468,"column":2}},"468":{"start":{"line":469,"column":0},"end":{"line":469,"column":0}},"469":{"start":{"line":470,"column":0},"end":{"line":470,"column":40}},"470":{"start":{"line":471,"column":0},"end":{"line":471,"column":40}},"471":{"start":{"line":472,"column":0},"end":{"line":472,"column":50}},"472":{"start":{"line":473,"column":0},"end":{"line":473,"column":4}},"473":{"start":{"line":474,"column":0},"end":{"line":474,"column":0}},"474":{"start":{"line":475,"column":0},"end":{"line":475,"column":20}},"475":{"start":{"line":476,"column":0},"end":{"line":476,"column":27}},"476":{"start":{"line":477,"column":0},"end":{"line":477,"column":0}},"477":{"start":{"line":478,"column":0},"end":{"line":478,"column":26}},"478":{"start":{"line":479,"column":0},"end":{"line":479,"column":60}},"479":{"start":{"line":480,"column":0},"end":{"line":480,"column":64}},"480":{"start":{"line":481,"column":0},"end":{"line":481,"column":20}},"481":{"start":{"line":482,"column":0},"end":{"line":482,"column":22}},"482":{"start":{"line":483,"column":0},"end":{"line":483,"column":7}},"483":{"start":{"line":484,"column":0},"end":{"line":484,"column":0}},"484":{"start":{"line":485,"column":0},"end":{"line":485,"column":29}},"485":{"start":{"line":486,"column":0},"end":{"line":486,"column":46}},"486":{"start":{"line":487,"column":0},"end":{"line":487,"column":37}},"487":{"start":{"line":488,"column":0},"end":{"line":488,"column":5}},"488":{"start":{"line":489,"column":0},"end":{"line":489,"column":0}},"489":{"start":{"line":490,"column":0},"end":{"line":490,"column":37}},"490":{"start":{"line":491,"column":0},"end":{"line":491,"column":5}},"491":{"start":{"line":492,"column":0},"end":{"line":492,"column":0}},"492":{"start":{"line":493,"column":0},"end":{"line":493,"column":16}},"493":{"start":{"line":494,"column":0},"end":{"line":494,"column":2}},"494":{"start":{"line":495,"column":0},"end":{"line":495,"column":0}},"495":{"start":{"line":496,"column":0},"end":{"line":496,"column":36}},"496":{"start":{"line":497,"column":0},"end":{"line":497,"column":41}},"497":{"start":{"line":498,"column":0},"end":{"line":498,"column":22}},"498":{"start":{"line":499,"column":0},"end":{"line":499,"column":20}},"499":{"start":{"line":500,"column":0},"end":{"line":500,"column":20}},"500":{"start":{"line":501,"column":0},"end":{"line":501,"column":2}},"501":{"start":{"line":502,"column":0},"end":{"line":502,"column":0}},"502":{"start":{"line":503,"column":0},"end":{"line":503,"column":36}},"503":{"start":{"line":504,"column":0},"end":{"line":504,"column":36}},"504":{"start":{"line":505,"column":0},"end":{"line":505,"column":43}},"505":{"start":{"line":506,"column":0},"end":{"line":506,"column":20}},"506":{"start":{"line":507,"column":0},"end":{"line":507,"column":19}},"507":{"start":{"line":508,"column":0},"end":{"line":508,"column":19}},"508":{"start":{"line":509,"column":0},"end":{"line":509,"column":5}},"509":{"start":{"line":510,"column":0},"end":{"line":510,"column":2}},"510":{"start":{"line":511,"column":0},"end":{"line":511,"column":0}},"511":{"start":{"line":512,"column":0},"end":{"line":512,"column":27}},"512":{"start":{"line":513,"column":0},"end":{"line":513,"column":34}},"513":{"start":{"line":514,"column":0},"end":{"line":514,"column":22}},"514":{"start":{"line":515,"column":0},"end":{"line":515,"column":0}},"515":{"start":{"line":516,"column":0},"end":{"line":516,"column":38}},"516":{"start":{"line":517,"column":0},"end":{"line":517,"column":43}},"517":{"start":{"line":518,"column":0},"end":{"line":518,"column":0}},"518":{"start":{"line":519,"column":0},"end":{"line":519,"column":42}},"519":{"start":{"line":520,"column":0},"end":{"line":520,"column":28}},"520":{"start":{"line":521,"column":0},"end":{"line":521,"column":0}},"521":{"start":{"line":522,"column":0},"end":{"line":522,"column":36}},"522":{"start":{"line":523,"column":0},"end":{"line":523,"column":38}},"523":{"start":{"line":524,"column":0},"end":{"line":524,"column":41}},"524":{"start":{"line":525,"column":0},"end":{"line":525,"column":0}},"525":{"start":{"line":526,"column":0},"end":{"line":526,"column":29}},"526":{"start":{"line":527,"column":0},"end":{"line":527,"column":31}},"527":{"start":{"line":528,"column":0},"end":{"line":528,"column":0}},"528":{"start":{"line":529,"column":0},"end":{"line":529,"column":37}},"529":{"start":{"line":530,"column":0},"end":{"line":530,"column":0}},"530":{"start":{"line":531,"column":0},"end":{"line":531,"column":60}},"531":{"start":{"line":532,"column":0},"end":{"line":532,"column":73}},"532":{"start":{"line":533,"column":0},"end":{"line":533,"column":28}},"533":{"start":{"line":534,"column":0},"end":{"line":534,"column":60}},"534":{"start":{"line":535,"column":0},"end":{"line":535,"column":4}},"535":{"start":{"line":536,"column":0},"end":{"line":536,"column":0}},"536":{"start":{"line":537,"column":0},"end":{"line":537,"column":49}},"537":{"start":{"line":538,"column":0},"end":{"line":538,"column":23}},"538":{"start":{"line":539,"column":0},"end":{"line":539,"column":17}},"539":{"start":{"line":540,"column":0},"end":{"line":540,"column":28}},"540":{"start":{"line":541,"column":0},"end":{"line":541,"column":0}},"541":{"start":{"line":542,"column":0},"end":{"line":542,"column":59}},"542":{"start":{"line":543,"column":0},"end":{"line":543,"column":62}},"543":{"start":{"line":544,"column":0},"end":{"line":544,"column":0}},"544":{"start":{"line":545,"column":0},"end":{"line":545,"column":45}},"545":{"start":{"line":546,"column":0},"end":{"line":546,"column":18}},"546":{"start":{"line":547,"column":0},"end":{"line":547,"column":24}},"547":{"start":{"line":548,"column":0},"end":{"line":548,"column":32}},"548":{"start":{"line":549,"column":0},"end":{"line":549,"column":15}},"549":{"start":{"line":550,"column":0},"end":{"line":550,"column":0}},"550":{"start":{"line":551,"column":0},"end":{"line":551,"column":28}},"551":{"start":{"line":552,"column":0},"end":{"line":552,"column":66}},"552":{"start":{"line":553,"column":0},"end":{"line":553,"column":0}},"553":{"start":{"line":554,"column":0},"end":{"line":554,"column":28}},"554":{"start":{"line":555,"column":0},"end":{"line":555,"column":15}},"555":{"start":{"line":556,"column":0},"end":{"line":556,"column":25}},"556":{"start":{"line":557,"column":0},"end":{"line":557,"column":26}},"557":{"start":{"line":558,"column":0},"end":{"line":558,"column":13}},"558":{"start":{"line":559,"column":0},"end":{"line":559,"column":18}},"559":{"start":{"line":560,"column":0},"end":{"line":560,"column":4}},"560":{"start":{"line":561,"column":0},"end":{"line":561,"column":0}},"561":{"start":{"line":562,"column":0},"end":{"line":562,"column":45}},"562":{"start":{"line":563,"column":0},"end":{"line":563,"column":66}},"563":{"start":{"line":564,"column":0},"end":{"line":564,"column":31}},"564":{"start":{"line":565,"column":0},"end":{"line":565,"column":65}},"565":{"start":{"line":566,"column":0},"end":{"line":566,"column":84}},"566":{"start":{"line":567,"column":0},"end":{"line":567,"column":0}},"567":{"start":{"line":568,"column":0},"end":{"line":568,"column":71}},"568":{"start":{"line":569,"column":0},"end":{"line":569,"column":15}},"569":{"start":{"line":570,"column":0},"end":{"line":570,"column":29}},"570":{"start":{"line":571,"column":0},"end":{"line":571,"column":25}},"571":{"start":{"line":572,"column":0},"end":{"line":572,"column":31}},"572":{"start":{"line":573,"column":0},"end":{"line":573,"column":4}},"573":{"start":{"line":574,"column":0},"end":{"line":574,"column":2}},"574":{"start":{"line":575,"column":0},"end":{"line":575,"column":0}},"575":{"start":{"line":576,"column":0},"end":{"line":576,"column":25}},"576":{"start":{"line":577,"column":0},"end":{"line":577,"column":18}},"577":{"start":{"line":578,"column":0},"end":{"line":578,"column":23}},"578":{"start":{"line":579,"column":0},"end":{"line":579,"column":16}},"579":{"start":{"line":580,"column":0},"end":{"line":580,"column":2}},"580":{"start":{"line":581,"column":0},"end":{"line":581,"column":0}},"581":{"start":{"line":582,"column":0},"end":{"line":582,"column":27}},"582":{"start":{"line":583,"column":0},"end":{"line":583,"column":40}},"583":{"start":{"line":584,"column":0},"end":{"line":584,"column":70}},"584":{"start":{"line":585,"column":0},"end":{"line":585,"column":11}},"585":{"start":{"line":586,"column":0},"end":{"line":586,"column":3}},"586":{"start":{"line":587,"column":0},"end":{"line":587,"column":0}},"587":{"start":{"line":588,"column":0},"end":{"line":588,"column":58}},"588":{"start":{"line":589,"column":0},"end":{"line":589,"column":47}},"589":{"start":{"line":590,"column":0},"end":{"line":590,"column":13}},"590":{"start":{"line":591,"column":0},"end":{"line":591,"column":14}},"591":{"start":{"line":592,"column":0},"end":{"line":592,"column":16}},"592":{"start":{"line":593,"column":0},"end":{"line":593,"column":12}},"593":{"start":{"line":594,"column":0},"end":{"line":594,"column":5}},"594":{"start":{"line":595,"column":0},"end":{"line":595,"column":0}},"595":{"start":{"line":596,"column":0},"end":{"line":596,"column":32}},"596":{"start":{"line":597,"column":0},"end":{"line":597,"column":17}},"597":{"start":{"line":598,"column":0},"end":{"line":598,"column":77}},"598":{"start":{"line":599,"column":0},"end":{"line":599,"column":5}},"599":{"start":{"line":600,"column":0},"end":{"line":600,"column":16}},"600":{"start":{"line":601,"column":0},"end":{"line":601,"column":0}},"601":{"start":{"line":602,"column":0},"end":{"line":602,"column":68}},"602":{"start":{"line":603,"column":0},"end":{"line":603,"column":40}},"603":{"start":{"line":604,"column":0},"end":{"line":604,"column":43}},"604":{"start":{"line":605,"column":0},"end":{"line":605,"column":0}},"605":{"start":{"line":606,"column":0},"end":{"line":606,"column":18}},"606":{"start":{"line":607,"column":0},"end":{"line":607,"column":37}},"607":{"start":{"line":608,"column":0},"end":{"line":608,"column":34}},"608":{"start":{"line":609,"column":0},"end":{"line":609,"column":15}},"609":{"start":{"line":610,"column":0},"end":{"line":610,"column":16}},"610":{"start":{"line":611,"column":0},"end":{"line":611,"column":27}},"611":{"start":{"line":612,"column":0},"end":{"line":612,"column":0}},"612":{"start":{"line":613,"column":0},"end":{"line":613,"column":53}},"613":{"start":{"line":614,"column":0},"end":{"line":614,"column":2}},"614":{"start":{"line":615,"column":0},"end":{"line":615,"column":0}},"615":{"start":{"line":616,"column":0},"end":{"line":616,"column":38}},"616":{"start":{"line":617,"column":0},"end":{"line":617,"column":10}},"617":{"start":{"line":618,"column":0},"end":{"line":618,"column":55}},"618":{"start":{"line":619,"column":0},"end":{"line":619,"column":35}},"619":{"start":{"line":620,"column":0},"end":{"line":620,"column":26}},"620":{"start":{"line":621,"column":0},"end":{"line":621,"column":46}},"621":{"start":{"line":622,"column":0},"end":{"line":622,"column":19}},"622":{"start":{"line":623,"column":0},"end":{"line":623,"column":20}},"623":{"start":{"line":624,"column":0},"end":{"line":624,"column":38}},"624":{"start":{"line":625,"column":0},"end":{"line":625,"column":6}},"625":{"start":{"line":626,"column":0},"end":{"line":626,"column":4}},"626":{"start":{"line":627,"column":0},"end":{"line":627,"column":0}},"627":{"start":{"line":628,"column":0},"end":{"line":628,"column":14}},"628":{"start":{"line":629,"column":0},"end":{"line":629,"column":35}},"629":{"start":{"line":630,"column":0},"end":{"line":630,"column":7}},"630":{"start":{"line":631,"column":0},"end":{"line":631,"column":52}},"631":{"start":{"line":632,"column":0},"end":{"line":632,"column":32}},"632":{"start":{"line":633,"column":0},"end":{"line":633,"column":23}},"633":{"start":{"line":634,"column":0},"end":{"line":634,"column":43}},"634":{"start":{"line":635,"column":0},"end":{"line":635,"column":4}},"635":{"start":{"line":636,"column":0},"end":{"line":636,"column":42}},"636":{"start":{"line":637,"column":0},"end":{"line":637,"column":0}},"637":{"start":{"line":638,"column":0},"end":{"line":638,"column":16}},"638":{"start":{"line":639,"column":0},"end":{"line":639,"column":21}},"639":{"start":{"line":640,"column":0},"end":{"line":640,"column":16}},"640":{"start":{"line":641,"column":0},"end":{"line":641,"column":17}},"641":{"start":{"line":642,"column":0},"end":{"line":642,"column":35}},"642":{"start":{"line":643,"column":0},"end":{"line":643,"column":3}},"643":{"start":{"line":644,"column":0},"end":{"line":644,"column":1}},"644":{"start":{"line":645,"column":0},"end":{"line":645,"column":0}},"645":{"start":{"line":646,"column":0},"end":{"line":646,"column":22}},"646":{"start":{"line":647,"column":0},"end":{"line":647,"column":53}},"647":{"start":{"line":648,"column":0},"end":{"line":648,"column":40}},"648":{"start":{"line":649,"column":0},"end":{"line":649,"column":24}},"649":{"start":{"line":650,"column":0},"end":{"line":650,"column":35}},"650":{"start":{"line":651,"column":0},"end":{"line":651,"column":5}},"651":{"start":{"line":652,"column":0},"end":{"line":652,"column":5}},"652":{"start":{"line":653,"column":0},"end":{"line":653,"column":0}},"653":{"start":{"line":654,"column":0},"end":{"line":654,"column":65}},"654":{"start":{"line":655,"column":0},"end":{"line":655,"column":52}},"655":{"start":{"line":656,"column":0},"end":{"line":656,"column":24}},"656":{"start":{"line":657,"column":0},"end":{"line":657,"column":52}},"657":{"start":{"line":658,"column":0},"end":{"line":658,"column":5}},"658":{"start":{"line":659,"column":0},"end":{"line":659,"column":5}},"659":{"start":{"line":660,"column":0},"end":{"line":660,"column":1}},"660":{"start":{"line":661,"column":0},"end":{"line":661,"column":0}},"661":{"start":{"line":662,"column":0},"end":{"line":662,"column":29}},"662":{"start":{"line":663,"column":0},"end":{"line":663,"column":25}},"663":{"start":{"line":664,"column":0},"end":{"line":664,"column":14}},"664":{"start":{"line":665,"column":0},"end":{"line":665,"column":14}},"665":{"start":{"line":666,"column":0},"end":{"line":666,"column":0}},"666":{"start":{"line":667,"column":0},"end":{"line":667,"column":20}},"667":{"start":{"line":668,"column":0},"end":{"line":668,"column":44}},"668":{"start":{"line":669,"column":0},"end":{"line":669,"column":10}},"669":{"start":{"line":670,"column":0},"end":{"line":670,"column":0}},"670":{"start":{"line":671,"column":0},"end":{"line":671,"column":46}},"671":{"start":{"line":672,"column":0},"end":{"line":672,"column":23}},"672":{"start":{"line":673,"column":0},"end":{"line":673,"column":21}},"673":{"start":{"line":674,"column":0},"end":{"line":674,"column":5}},"674":{"start":{"line":675,"column":0},"end":{"line":675,"column":0}},"675":{"start":{"line":676,"column":0},"end":{"line":676,"column":53}},"676":{"start":{"line":677,"column":0},"end":{"line":677,"column":21}},"677":{"start":{"line":678,"column":0},"end":{"line":678,"column":5}},"678":{"start":{"line":679,"column":0},"end":{"line":679,"column":0}},"679":{"start":{"line":680,"column":0},"end":{"line":680,"column":57}},"680":{"start":{"line":681,"column":0},"end":{"line":681,"column":57}},"681":{"start":{"line":682,"column":0},"end":{"line":682,"column":53}},"682":{"start":{"line":683,"column":0},"end":{"line":683,"column":56}},"683":{"start":{"line":684,"column":0},"end":{"line":684,"column":0}},"684":{"start":{"line":685,"column":0},"end":{"line":685,"column":47}},"685":{"start":{"line":686,"column":0},"end":{"line":686,"column":43}},"686":{"start":{"line":687,"column":0},"end":{"line":687,"column":0}},"687":{"start":{"line":688,"column":0},"end":{"line":688,"column":19}},"688":{"start":{"line":689,"column":0},"end":{"line":689,"column":33}},"689":{"start":{"line":690,"column":0},"end":{"line":690,"column":5}},"690":{"start":{"line":691,"column":0},"end":{"line":691,"column":0}},"691":{"start":{"line":692,"column":0},"end":{"line":692,"column":17}},"692":{"start":{"line":693,"column":0},"end":{"line":693,"column":27}},"693":{"start":{"line":694,"column":0},"end":{"line":694,"column":5}},"694":{"start":{"line":695,"column":0},"end":{"line":695,"column":0}},"695":{"start":{"line":696,"column":0},"end":{"line":696,"column":19}},"696":{"start":{"line":697,"column":0},"end":{"line":697,"column":29}},"697":{"start":{"line":698,"column":0},"end":{"line":698,"column":5}},"698":{"start":{"line":699,"column":0},"end":{"line":699,"column":5}},"699":{"start":{"line":700,"column":0},"end":{"line":700,"column":0}},"700":{"start":{"line":701,"column":0},"end":{"line":701,"column":56}},"701":{"start":{"line":702,"column":0},"end":{"line":702,"column":44}},"702":{"start":{"line":703,"column":0},"end":{"line":703,"column":25}},"703":{"start":{"line":704,"column":0},"end":{"line":704,"column":5}},"704":{"start":{"line":705,"column":0},"end":{"line":705,"column":0}},"705":{"start":{"line":706,"column":0},"end":{"line":706,"column":52}},"706":{"start":{"line":707,"column":0},"end":{"line":707,"column":40}},"707":{"start":{"line":708,"column":0},"end":{"line":708,"column":25}},"708":{"start":{"line":709,"column":0},"end":{"line":709,"column":5}},"709":{"start":{"line":710,"column":0},"end":{"line":710,"column":0}},"710":{"start":{"line":711,"column":0},"end":{"line":711,"column":52}},"711":{"start":{"line":712,"column":0},"end":{"line":712,"column":42}},"712":{"start":{"line":713,"column":0},"end":{"line":713,"column":25}},"713":{"start":{"line":714,"column":0},"end":{"line":714,"column":5}},"714":{"start":{"line":715,"column":0},"end":{"line":715,"column":0}},"715":{"start":{"line":716,"column":0},"end":{"line":716,"column":58}},"716":{"start":{"line":717,"column":0},"end":{"line":717,"column":68}},"717":{"start":{"line":718,"column":0},"end":{"line":718,"column":40}},"718":{"start":{"line":719,"column":0},"end":{"line":719,"column":36}},"719":{"start":{"line":720,"column":0},"end":{"line":720,"column":34}},"720":{"start":{"line":721,"column":0},"end":{"line":721,"column":28}},"721":{"start":{"line":722,"column":0},"end":{"line":722,"column":8}},"722":{"start":{"line":723,"column":0},"end":{"line":723,"column":0}},"723":{"start":{"line":724,"column":0},"end":{"line":724,"column":16}},"724":{"start":{"line":725,"column":0},"end":{"line":725,"column":55}},"725":{"start":{"line":726,"column":0},"end":{"line":726,"column":65}},"726":{"start":{"line":727,"column":0},"end":{"line":727,"column":37}},"727":{"start":{"line":728,"column":0},"end":{"line":728,"column":33}},"728":{"start":{"line":729,"column":0},"end":{"line":729,"column":31}},"729":{"start":{"line":730,"column":0},"end":{"line":730,"column":25}},"730":{"start":{"line":731,"column":0},"end":{"line":731,"column":42}},"731":{"start":{"line":732,"column":0},"end":{"line":732,"column":63}},"732":{"start":{"line":733,"column":0},"end":{"line":733,"column":5}},"733":{"start":{"line":734,"column":0},"end":{"line":734,"column":5}},"734":{"start":{"line":735,"column":0},"end":{"line":735,"column":11}},"735":{"start":{"line":736,"column":0},"end":{"line":736,"column":0}},"736":{"start":{"line":737,"column":0},"end":{"line":737,"column":58}},"737":{"start":{"line":738,"column":0},"end":{"line":738,"column":0}},"738":{"start":{"line":739,"column":0},"end":{"line":739,"column":54}},"739":{"start":{"line":740,"column":0},"end":{"line":740,"column":56}},"740":{"start":{"line":741,"column":0},"end":{"line":741,"column":5}},"741":{"start":{"line":742,"column":0},"end":{"line":742,"column":0}},"742":{"start":{"line":743,"column":0},"end":{"line":743,"column":56}},"743":{"start":{"line":744,"column":0},"end":{"line":744,"column":32}},"744":{"start":{"line":745,"column":0},"end":{"line":745,"column":47}},"745":{"start":{"line":746,"column":0},"end":{"line":746,"column":5}},"746":{"start":{"line":747,"column":0},"end":{"line":747,"column":24}},"747":{"start":{"line":748,"column":0},"end":{"line":748,"column":5}},"748":{"start":{"line":749,"column":0},"end":{"line":749,"column":0}},"749":{"start":{"line":750,"column":0},"end":{"line":750,"column":67}},"750":{"start":{"line":751,"column":0},"end":{"line":751,"column":0}},"751":{"start":{"line":752,"column":0},"end":{"line":752,"column":53}},"752":{"start":{"line":753,"column":0},"end":{"line":753,"column":33}},"753":{"start":{"line":754,"column":0},"end":{"line":754,"column":26}},"754":{"start":{"line":755,"column":0},"end":{"line":755,"column":5}},"755":{"start":{"line":756,"column":0},"end":{"line":756,"column":5}},"756":{"start":{"line":757,"column":0},"end":{"line":757,"column":2}},"757":{"start":{"line":758,"column":0},"end":{"line":758,"column":0}},"758":{"start":{"line":759,"column":0},"end":{"line":759,"column":31}},"759":{"start":{"line":760,"column":0},"end":{"line":760,"column":32}},"760":{"start":{"line":761,"column":0},"end":{"line":761,"column":57}},"761":{"start":{"line":762,"column":0},"end":{"line":762,"column":61}},"762":{"start":{"line":763,"column":0},"end":{"line":763,"column":2}},"763":{"start":{"line":764,"column":0},"end":{"line":764,"column":49}},"764":{"start":{"line":765,"column":0},"end":{"line":765,"column":34}},"765":{"start":{"line":766,"column":0},"end":{"line":766,"column":3}},"766":{"start":{"line":767,"column":0},"end":{"line":767,"column":45}},"767":{"start":{"line":768,"column":0},"end":{"line":768,"column":52}},"768":{"start":{"line":769,"column":0},"end":{"line":769,"column":34}},"769":{"start":{"line":770,"column":0},"end":{"line":770,"column":42}},"770":{"start":{"line":771,"column":0},"end":{"line":771,"column":71}},"771":{"start":{"line":772,"column":0},"end":{"line":772,"column":5}},"772":{"start":{"line":773,"column":0},"end":{"line":773,"column":5}},"773":{"start":{"line":774,"column":0},"end":{"line":774,"column":2}},"774":{"start":{"line":775,"column":0},"end":{"line":775,"column":0}},"775":{"start":{"line":776,"column":0},"end":{"line":776,"column":51}},"776":{"start":{"line":777,"column":0},"end":{"line":777,"column":21}},"777":{"start":{"line":778,"column":0},"end":{"line":778,"column":28}},"778":{"start":{"line":779,"column":0},"end":{"line":779,"column":2}},"779":{"start":{"line":780,"column":0},"end":{"line":780,"column":59}},"780":{"start":{"line":781,"column":0},"end":{"line":781,"column":17}},"781":{"start":{"line":782,"column":0},"end":{"line":782,"column":35}},"782":{"start":{"line":783,"column":0},"end":{"line":783,"column":48}},"783":{"start":{"line":784,"column":0},"end":{"line":784,"column":36}},"784":{"start":{"line":785,"column":0},"end":{"line":785,"column":32}},"785":{"start":{"line":786,"column":0},"end":{"line":786,"column":7}},"786":{"start":{"line":787,"column":0},"end":{"line":787,"column":3}},"787":{"start":{"line":788,"column":0},"end":{"line":788,"column":3}},"788":{"start":{"line":789,"column":0},"end":{"line":789,"column":0}},"789":{"start":{"line":790,"column":0},"end":{"line":790,"column":0}},"790":{"start":{"line":791,"column":0},"end":{"line":791,"column":16}},"791":{"start":{"line":792,"column":0},"end":{"line":792,"column":0}},"792":{"start":{"line":793,"column":0},"end":{"line":793,"column":54}},"793":{"start":{"line":794,"column":0},"end":{"line":794,"column":21}},"794":{"start":{"line":795,"column":0},"end":{"line":795,"column":16}},"795":{"start":{"line":796,"column":0},"end":{"line":796,"column":19}},"796":{"start":{"line":797,"column":0},"end":{"line":797,"column":15}},"797":{"start":{"line":798,"column":0},"end":{"line":798,"column":23}},"798":{"start":{"line":799,"column":0},"end":{"line":799,"column":25}},"799":{"start":{"line":800,"column":0},"end":{"line":800,"column":14}},"800":{"start":{"line":801,"column":0},"end":{"line":801,"column":13}},"801":{"start":{"line":802,"column":0},"end":{"line":802,"column":14}},"802":{"start":{"line":803,"column":0},"end":{"line":803,"column":14}},"803":{"start":{"line":804,"column":0},"end":{"line":804,"column":16}},"804":{"start":{"line":805,"column":0},"end":{"line":805,"column":13}},"805":{"start":{"line":806,"column":0},"end":{"line":806,"column":17}},"806":{"start":{"line":807,"column":0},"end":{"line":807,"column":19}},"807":{"start":{"line":808,"column":0},"end":{"line":808,"column":19}},"808":{"start":{"line":809,"column":0},"end":{"line":809,"column":17}},"809":{"start":{"line":810,"column":0},"end":{"line":810,"column":22}},"810":{"start":{"line":811,"column":0},"end":{"line":811,"column":21}},"811":{"start":{"line":812,"column":0},"end":{"line":812,"column":22}},"812":{"start":{"line":813,"column":0},"end":{"line":813,"column":18}},"813":{"start":{"line":814,"column":0},"end":{"line":814,"column":23}},"814":{"start":{"line":815,"column":0},"end":{"line":815,"column":26}},"815":{"start":{"line":816,"column":0},"end":{"line":816,"column":23}},"816":{"start":{"line":817,"column":0},"end":{"line":817,"column":17}},"817":{"start":{"line":818,"column":0},"end":{"line":818,"column":15}},"818":{"start":{"line":819,"column":0},"end":{"line":819,"column":16}},"819":{"start":{"line":820,"column":0},"end":{"line":820,"column":14}},"820":{"start":{"line":821,"column":0},"end":{"line":821,"column":16}},"821":{"start":{"line":822,"column":0},"end":{"line":822,"column":17}},"822":{"start":{"line":823,"column":0},"end":{"line":823,"column":14}},"823":{"start":{"line":824,"column":0},"end":{"line":824,"column":18}},"824":{"start":{"line":825,"column":0},"end":{"line":825,"column":20}},"825":{"start":{"line":826,"column":0},"end":{"line":826,"column":4}},"826":{"start":{"line":827,"column":0},"end":{"line":827,"column":1}}},"s":{"0":1,"1":1,"2":1,"3":1,"4":5,"5":5,"6":5,"7":5,"8":5,"9":5,"10":5,"11":5,"12":1,"13":1,"14":1,"15":1,"16":1,"17":1,"18":1,"19":1,"20":1,"21":1,"22":1,"23":1,"24":1,"25":1,"26":1,"27":1,"28":1,"29":1,"30":1,"31":1,"32":1,"33":1,"34":1,"35":1,"36":1,"37":1,"38":1,"39":1,"40":1,"41":1,"42":1,"43":1,"44":1,"45":1,"46":1,"47":1,"48":1,"49":1,"50":1,"51":1,"52":1,"53":1,"54":1,"55":1,"56":1,"57":1,"58":1,"59":1,"60":1,"61":1,"62":1,"63":1,"64":1,"65":1,"66":2,"67":2,"68":1,"69":1,"70":2,"71":2,"72":1,"73":1,"74":2,"75":2,"76":2,"77":1,"78":1,"79":4,"80":4,"81":1,"82":1,"83":3,"84":3,"85":3,"86":3,"87":3,"88":3,"89":3,"90":3,"91":1,"92":1,"93":2,"94":2,"95":2,"96":1,"97":1,"98":2,"99":2,"100":2,"101":2,"102":2,"103":2,"104":1,"105":1,"106":7,"107":7,"108":7,"109":7,"110":7,"111":7,"112":7,"113":7,"114":28,"115":28,"116":7,"117":7,"118":1,"119":1,"120":0,"121":0,"122":0,"123":1,"124":1,"125":2,"126":2,"127":2,"128":2,"129":2,"130":2,"131":2,"132":2,"133":2,"134":2,"135":2,"136":0,"137":0,"138":0,"139":2,"140":2,"141":0,"142":0,"143":0,"144":2,"145":2,"146":0,"147":0,"148":0,"149":2,"150":2,"151":0,"152":0,"153":0,"154":2,"155":2,"156":2,"157":1,"158":1,"159":4,"160":4,"161":4,"162":4,"163":4,"164":4,"165":1,"166":1,"167":1,"168":0,"169":0,"170":0,"171":1,"172":1,"173":1,"174":1,"175":1,"176":1,"177":1,"178":0,"179":0,"180":0,"181":0,"182":1,"183":1,"184":1,"185":1,"186":1,"187":1,"188":1,"189":1,"190":1,"191":1,"192":1,"193":1,"194":1,"195":1,"196":1,"197":1,"198":1,"199":1,"200":1,"201":1,"202":1,"203":0,"204":0,"205":0,"206":0,"207":0,"208":0,"209":0,"210":1,"211":1,"212":1,"213":1,"214":1,"215":1,"216":1,"217":1,"218":1,"219":1,"220":1,"221":1,"222":1,"223":1,"224":1,"225":1,"226":1,"227":1,"228":1,"229":1,"230":0,"231":0,"232":0,"233":0,"234":1,"235":1,"236":1,"237":1,"238":1,"239":1,"240":1,"241":1,"242":1,"243":1,"244":1,"245":1,"246":1,"247":1,"248":1,"249":1,"250":1,"251":1,"252":1,"253":1,"254":1,"255":1,"256":0,"257":1,"258":1,"259":1,"260":1,"261":1,"262":1,"263":1,"264":1,"265":1,"266":1,"267":1,"268":1,"269":1,"270":1,"271":1,"272":1,"273":0,"274":0,"275":0,"276":0,"277":0,"278":0,"279":0,"280":0,"281":0,"282":0,"283":0,"284":0,"285":0,"286":0,"287":0,"288":0,"289":0,"290":0,"291":0,"292":1,"293":1,"294":1,"295":1,"296":1,"297":1,"298":1,"299":1,"300":1,"301":1,"302":1,"303":1,"304":1,"305":1,"306":1,"307":1,"308":1,"309":1,"310":1,"311":1,"312":1,"313":1,"314":1,"315":10,"316":10,"317":10,"318":10,"319":10,"320":10,"321":10,"322":10,"323":10,"324":10,"325":10,"326":10,"327":10,"328":10,"329":10,"330":10,"331":10,"332":1,"333":1,"334":1,"335":1,"336":1,"337":1,"338":1,"339":1,"340":1,"341":1,"342":1,"343":1,"344":1,"345":1,"346":1,"347":1,"348":1,"349":1,"350":1,"351":1,"352":1,"353":1,"354":1,"355":1,"356":1,"357":1,"358":1,"359":1,"360":1,"361":1,"362":1,"363":1,"364":10,"365":10,"366":10,"367":10,"368":10,"369":10,"370":6,"371":6,"372":6,"373":6,"374":6,"375":6,"376":6,"377":6,"378":6,"379":6,"380":6,"381":4,"382":4,"383":4,"384":4,"385":4,"386":4,"387":4,"388":4,"389":4,"390":4,"391":4,"392":4,"393":4,"394":4,"395":1,"396":1,"397":1,"398":1,"399":1,"400":1,"401":1,"402":1,"403":1,"404":1,"405":1,"406":1,"407":1,"408":1,"409":1,"410":1,"411":1,"412":1,"413":1,"414":1,"415":1,"416":1,"417":1,"418":1,"419":1,"420":1,"421":4,"422":4,"423":4,"424":4,"425":4,"426":4,"427":4,"428":4,"429":4,"430":4,"431":4,"432":4,"433":4,"434":4,"435":4,"436":4,"437":4,"438":4,"439":4,"440":4,"441":4,"442":4,"443":4,"444":4,"445":4,"446":4,"447":4,"448":4,"449":4,"450":4,"451":1,"452":1,"453":11,"454":11,"455":11,"456":5,"457":5,"458":5,"459":5,"460":5,"461":5,"462":5,"463":5,"464":5,"465":5,"466":11,"467":11,"468":1,"469":1,"470":5,"471":5,"472":5,"473":5,"474":5,"475":5,"476":5,"477":5,"478":5,"479":5,"480":5,"481":5,"482":5,"483":5,"484":5,"485":5,"486":5,"487":5,"488":5,"489":5,"490":5,"491":5,"492":5,"493":5,"494":1,"495":1,"496":55,"497":55,"498":55,"499":55,"500":55,"501":1,"502":1,"503":1,"504":1,"505":1,"506":1,"507":1,"508":1,"509":1,"510":1,"511":1,"512":10,"513":10,"514":10,"515":10,"516":10,"517":10,"518":10,"519":10,"520":10,"521":10,"522":10,"523":10,"524":10,"525":10,"526":10,"527":10,"528":10,"529":10,"530":10,"531":10,"532":10,"533":10,"534":10,"535":10,"536":10,"537":10,"538":10,"539":10,"540":10,"541":10,"542":10,"543":10,"544":10,"545":10,"546":10,"547":10,"548":10,"549":10,"550":10,"551":10,"552":10,"553":10,"554":10,"555":10,"556":10,"557":10,"558":10,"559":10,"560":10,"561":10,"562":10,"563":10,"564":10,"565":10,"566":10,"567":10,"568":10,"569":10,"570":10,"571":10,"572":10,"573":10,"574":1,"575":1,"576":9,"577":9,"578":9,"579":9,"580":1,"581":1,"582":1,"583":0,"584":0,"585":0,"586":1,"587":1,"588":1,"589":1,"590":1,"591":1,"592":1,"593":1,"594":1,"595":1,"596":1,"597":1,"598":1,"599":1,"600":1,"601":1,"602":1,"603":1,"604":1,"605":1,"606":1,"607":1,"608":1,"609":1,"610":1,"611":1,"612":1,"613":1,"614":1,"615":1,"616":1,"617":1,"618":1,"619":1,"620":1,"621":1,"622":1,"623":1,"624":1,"625":1,"626":1,"627":1,"628":2,"629":2,"630":2,"631":2,"632":2,"633":2,"634":2,"635":2,"636":2,"637":2,"638":2,"639":2,"640":2,"641":0,"642":0,"643":2,"644":1,"645":2,"646":2,"647":2,"648":2,"649":2,"650":2,"651":2,"652":2,"653":2,"654":2,"655":2,"656":2,"657":2,"658":2,"659":2,"660":1,"661":1,"662":1,"663":1,"664":1,"665":1,"666":1,"667":0,"668":1,"669":1,"670":1,"671":0,"672":0,"673":1,"674":1,"675":1,"676":0,"677":1,"678":1,"679":1,"680":0,"681":0,"682":0,"683":0,"684":0,"685":0,"686":0,"687":0,"688":0,"689":0,"690":0,"691":0,"692":0,"693":0,"694":0,"695":0,"696":0,"697":0,"698":1,"699":1,"700":1,"701":0,"702":0,"703":1,"704":1,"705":1,"706":0,"707":0,"708":1,"709":1,"710":1,"711":0,"712":0,"713":1,"714":1,"715":1,"716":1,"717":1,"718":1,"719":1,"720":1,"721":1,"722":1,"723":1,"724":1,"725":0,"726":0,"727":0,"728":0,"729":0,"730":0,"731":0,"732":0,"733":1,"734":1,"735":1,"736":1,"737":1,"738":1,"739":0,"740":1,"741":1,"742":1,"743":0,"744":0,"745":0,"746":0,"747":1,"748":1,"749":1,"750":1,"751":1,"752":0,"753":0,"754":0,"755":1,"756":1,"757":1,"758":1,"759":1,"760":2,"761":2,"762":2,"763":2,"764":2,"765":2,"766":2,"767":0,"768":0,"769":0,"770":0,"771":0,"772":2,"773":2,"774":1,"775":1,"776":1,"777":1,"778":1,"779":1,"780":1,"781":1,"782":1,"783":0,"784":0,"785":1,"786":1,"787":1,"788":1,"789":1,"790":1,"791":1,"792":1,"793":1,"794":1,"795":1,"796":1,"797":1,"798":1,"799":1,"800":1,"801":1,"802":1,"803":1,"804":1,"805":1,"806":1,"807":1,"808":1,"809":1,"810":1,"811":1,"812":1,"813":1,"814":1,"815":1,"816":1,"817":1,"818":1,"819":1,"820":1,"821":1,"822":1,"823":1,"824":1,"825":1,"826":1},"branchMap":{"0":{"type":"branch","line":4,"loc":{"start":{"line":4,"column":19},"end":{"line":12,"column":2}},"locations":[{"start":{"line":4,"column":19},"end":{"line":12,"column":2}}]},"1":{"type":"branch","line":5,"loc":{"start":{"line":5,"column":12},"end":{"line":5,"column":22}},"locations":[{"start":{"line":5,"column":12},"end":{"line":5,"column":22}}]},"2":{"type":"branch","line":66,"loc":{"start":{"line":66,"column":19},"end":{"line":68,"column":2}},"locations":[{"start":{"line":66,"column":19},"end":{"line":68,"column":2}}]},"3":{"type":"branch","line":70,"loc":{"start":{"line":70,"column":27},"end":{"line":72,"column":2}},"locations":[{"start":{"line":70,"column":27},"end":{"line":72,"column":2}}]},"4":{"type":"branch","line":74,"loc":{"start":{"line":74,"column":29},"end":{"line":77,"column":2}},"locations":[{"start":{"line":74,"column":29},"end":{"line":77,"column":2}}]},"5":{"type":"branch","line":76,"loc":{"start":{"line":76,"column":30},"end":{"line":76,"column":50}},"locations":[{"start":{"line":76,"column":30},"end":{"line":76,"column":50}}]},"6":{"type":"branch","line":79,"loc":{"start":{"line":79,"column":18},"end":{"line":81,"column":2}},"locations":[{"start":{"line":79,"column":18},"end":{"line":81,"column":2}}]},"7":{"type":"branch","line":83,"loc":{"start":{"line":83,"column":17},"end":{"line":91,"column":2}},"locations":[{"start":{"line":83,"column":17},"end":{"line":91,"column":2}}]},"8":{"type":"branch","line":87,"loc":{"start":{"line":87,"column":22},"end":{"line":87,"column":58}},"locations":[{"start":{"line":87,"column":22},"end":{"line":87,"column":58}}]},"9":{"type":"branch","line":87,"loc":{"start":{"line":87,"column":59},"end":{"line":87,"column":97}},"locations":[{"start":{"line":87,"column":59},"end":{"line":87,"column":97}}]},"10":{"type":"branch","line":93,"loc":{"start":{"line":93,"column":18},"end":{"line":96,"column":2}},"locations":[{"start":{"line":93,"column":18},"end":{"line":96,"column":2}}]},"11":{"type":"branch","line":95,"loc":{"start":{"line":95,"column":23},"end":{"line":95,"column":32}},"locations":[{"start":{"line":95,"column":23},"end":{"line":95,"column":32}}]},"12":{"type":"branch","line":98,"loc":{"start":{"line":98,"column":18},"end":{"line":104,"column":2}},"locations":[{"start":{"line":98,"column":18},"end":{"line":104,"column":2}}]},"13":{"type":"branch","line":100,"loc":{"start":{"line":100,"column":48},"end":{"line":100,"column":65}},"locations":[{"start":{"line":100,"column":48},"end":{"line":100,"column":65}}]},"14":{"type":"branch","line":106,"loc":{"start":{"line":106,"column":20},"end":{"line":118,"column":2}},"locations":[{"start":{"line":106,"column":20},"end":{"line":118,"column":2}}]},"15":{"type":"branch","line":114,"loc":{"start":{"line":114,"column":17},"end":{"line":117,"column":3}},"locations":[{"start":{"line":114,"column":17},"end":{"line":117,"column":3}}]},"16":{"type":"branch","line":125,"loc":{"start":{"line":125,"column":21},"end":{"line":157,"column":2}},"locations":[{"start":{"line":125,"column":21},"end":{"line":157,"column":2}}]},"17":{"type":"branch","line":136,"loc":{"start":{"line":136,"column":14},"end":{"line":139,"column":3}},"locations":[{"start":{"line":136,"column":14},"end":{"line":139,"column":3}}]},"18":{"type":"branch","line":141,"loc":{"start":{"line":141,"column":60},"end":{"line":144,"column":3}},"locations":[{"start":{"line":141,"column":60},"end":{"line":144,"column":3}}]},"19":{"type":"branch","line":146,"loc":{"start":{"line":146,"column":17},"end":{"line":149,"column":3}},"locations":[{"start":{"line":146,"column":17},"end":{"line":149,"column":3}}]},"20":{"type":"branch","line":151,"loc":{"start":{"line":151,"column":13},"end":{"line":154,"column":3}},"locations":[{"start":{"line":151,"column":13},"end":{"line":154,"column":3}}]},"21":{"type":"branch","line":159,"loc":{"start":{"line":159,"column":23},"end":{"line":165,"column":2}},"locations":[{"start":{"line":159,"column":23},"end":{"line":165,"column":2}}]},"22":{"type":"branch","line":162,"loc":{"start":{"line":162,"column":54},"end":{"line":162,"column":74}},"locations":[{"start":{"line":162,"column":54},"end":{"line":162,"column":74}}]},"23":{"type":"branch","line":167,"loc":{"start":{"line":167,"column":23},"end":{"line":199,"column":2}},"locations":[{"start":{"line":167,"column":23},"end":{"line":199,"column":2}}]},"24":{"type":"branch","line":168,"loc":{"start":{"line":168,"column":23},"end":{"line":171,"column":3}},"locations":[{"start":{"line":168,"column":23},"end":{"line":171,"column":3}}]},"25":{"type":"branch","line":178,"loc":{"start":{"line":178,"column":23},"end":{"line":183,"column":3}},"locations":[{"start":{"line":178,"column":23},"end":{"line":183,"column":3}}]},"26":{"type":"branch","line":201,"loc":{"start":{"line":201,"column":21},"end":{"line":215,"column":2}},"locations":[{"start":{"line":201,"column":21},"end":{"line":215,"column":2}}]},"27":{"type":"branch","line":204,"loc":{"start":{"line":204,"column":-2},"end":{"line":211,"column":68}},"locations":[{"start":{"line":204,"column":-2},"end":{"line":211,"column":68}}]},"28":{"type":"branch","line":214,"loc":{"start":{"line":214,"column":33},"end":{"line":214,"column":59}},"locations":[{"start":{"line":214,"column":33},"end":{"line":214,"column":59}}]},"29":{"type":"branch","line":202,"loc":{"start":{"line":202,"column":46},"end":{"line":202,"column":66}},"locations":[{"start":{"line":202,"column":46},"end":{"line":202,"column":66}}]},"30":{"type":"branch","line":225,"loc":{"start":{"line":225,"column":26},"end":{"line":235,"column":2}},"locations":[{"start":{"line":225,"column":26},"end":{"line":235,"column":2}}]},"31":{"type":"branch","line":230,"loc":{"start":{"line":230,"column":22},"end":{"line":230,"column":47}},"locations":[{"start":{"line":230,"column":22},"end":{"line":230,"column":47}}]},"32":{"type":"branch","line":230,"loc":{"start":{"line":230,"column":49},"end":{"line":234,"column":3}},"locations":[{"start":{"line":230,"column":49},"end":{"line":234,"column":3}}]},"33":{"type":"branch","line":226,"loc":{"start":{"line":226,"column":49},"end":{"line":226,"column":69}},"locations":[{"start":{"line":226,"column":49},"end":{"line":226,"column":69}}]},"34":{"type":"branch","line":250,"loc":{"start":{"line":250,"column":25},"end":{"line":260,"column":2}},"locations":[{"start":{"line":250,"column":25},"end":{"line":260,"column":2}}]},"35":{"type":"branch","line":262,"loc":{"start":{"line":262,"column":26},"end":{"line":270,"column":2}},"locations":[{"start":{"line":262,"column":26},"end":{"line":270,"column":2}}]},"36":{"type":"branch","line":315,"loc":{"start":{"line":315,"column":22},"end":{"line":332,"column":2}},"locations":[{"start":{"line":315,"column":22},"end":{"line":332,"column":2}}]},"37":{"type":"branch","line":317,"loc":{"start":{"line":317,"column":18},"end":{"line":317,"column":48}},"locations":[{"start":{"line":317,"column":18},"end":{"line":317,"column":48}}]},"38":{"type":"branch","line":320,"loc":{"start":{"line":320,"column":12},"end":{"line":320,"column":33}},"locations":[{"start":{"line":320,"column":12},"end":{"line":320,"column":33}}]},"39":{"type":"branch","line":321,"loc":{"start":{"line":321,"column":12},"end":{"line":321,"column":49}},"locations":[{"start":{"line":321,"column":12},"end":{"line":321,"column":49}}]},"40":{"type":"branch","line":324,"loc":{"start":{"line":324,"column":12},"end":{"line":324,"column":33}},"locations":[{"start":{"line":324,"column":12},"end":{"line":324,"column":33}}]},"41":{"type":"branch","line":364,"loc":{"start":{"line":364,"column":27},"end":{"line":395,"column":2}},"locations":[{"start":{"line":364,"column":27},"end":{"line":395,"column":2}}]},"42":{"type":"branch","line":367,"loc":{"start":{"line":367,"column":2},"end":{"line":367,"column":30}},"locations":[{"start":{"line":367,"column":2},"end":{"line":367,"column":30}}]},"43":{"type":"branch","line":368,"loc":{"start":{"line":368,"column":2},"end":{"line":368,"column":32}},"locations":[{"start":{"line":368,"column":2},"end":{"line":368,"column":32}}]},"44":{"type":"branch","line":370,"loc":{"start":{"line":370,"column":29},"end":{"line":381,"column":3}},"locations":[{"start":{"line":370,"column":29},"end":{"line":381,"column":3}}]},"45":{"type":"branch","line":382,"loc":{"start":{"line":382,"column":-2},"end":{"line":395,"column":2}},"locations":[{"start":{"line":382,"column":-2},"end":{"line":395,"column":2}}]},"46":{"type":"branch","line":387,"loc":{"start":{"line":387,"column":6},"end":{"line":392,"column":7}},"locations":[{"start":{"line":387,"column":6},"end":{"line":392,"column":7}}]},"47":{"type":"branch","line":421,"loc":{"start":{"line":421,"column":30},"end":{"line":451,"column":2}},"locations":[{"start":{"line":421,"column":30},"end":{"line":451,"column":2}}]},"48":{"type":"branch","line":422,"loc":{"start":{"line":422,"column":54},"end":{"line":422,"column":73}},"locations":[{"start":{"line":422,"column":54},"end":{"line":422,"column":73}}]},"49":{"type":"branch","line":425,"loc":{"start":{"line":425,"column":38},"end":{"line":425,"column":47}},"locations":[{"start":{"line":425,"column":38},"end":{"line":425,"column":47}}]},"50":{"type":"branch","line":425,"loc":{"start":{"line":425,"column":48},"end":{"line":425,"column":57}},"locations":[{"start":{"line":425,"column":48},"end":{"line":425,"column":57}}]},"51":{"type":"branch","line":453,"loc":{"start":{"line":453,"column":27},"end":{"line":468,"column":2}},"locations":[{"start":{"line":453,"column":27},"end":{"line":468,"column":2}}]},"52":{"type":"branch","line":456,"loc":{"start":{"line":456,"column":35},"end":{"line":467,"column":3}},"locations":[{"start":{"line":456,"column":35},"end":{"line":467,"column":3}}]},"53":{"type":"branch","line":457,"loc":{"start":{"line":457,"column":47},"end":{"line":457,"column":74}},"locations":[{"start":{"line":457,"column":47},"end":{"line":457,"column":74}}]},"54":{"type":"branch","line":460,"loc":{"start":{"line":460,"column":21},"end":{"line":461,"column":42}},"locations":[{"start":{"line":460,"column":21},"end":{"line":461,"column":42}}]},"55":{"type":"branch","line":461,"loc":{"start":{"line":461,"column":43},"end":{"line":462,"column":43}},"locations":[{"start":{"line":461,"column":43},"end":{"line":462,"column":43}}]},"56":{"type":"branch","line":470,"loc":{"start":{"line":470,"column":21},"end":{"line":494,"column":2}},"locations":[{"start":{"line":470,"column":21},"end":{"line":494,"column":2}}]},"57":{"type":"branch","line":478,"loc":{"start":{"line":478,"column":17},"end":{"line":491,"column":3}},"locations":[{"start":{"line":478,"column":17},"end":{"line":491,"column":3}}]},"58":{"type":"branch","line":479,"loc":{"start":{"line":479,"column":40},"end":{"line":479,"column":49}},"locations":[{"start":{"line":479,"column":40},"end":{"line":479,"column":49}}]},"59":{"type":"branch","line":479,"loc":{"start":{"line":479,"column":50},"end":{"line":479,"column":59}},"locations":[{"start":{"line":479,"column":50},"end":{"line":479,"column":59}}]},"60":{"type":"branch","line":496,"loc":{"start":{"line":496,"column":23},"end":{"line":501,"column":2}},"locations":[{"start":{"line":496,"column":23},"end":{"line":501,"column":2}}]},"61":{"type":"branch","line":503,"loc":{"start":{"line":503,"column":19},"end":{"line":510,"column":2}},"locations":[{"start":{"line":503,"column":19},"end":{"line":510,"column":2}}]},"62":{"type":"branch","line":512,"loc":{"start":{"line":512,"column":20},"end":{"line":574,"column":2}},"locations":[{"start":{"line":512,"column":20},"end":{"line":574,"column":2}}]},"63":{"type":"branch","line":514,"loc":{"start":{"line":514,"column":15},"end":{"line":514,"column":22}},"locations":[{"start":{"line":514,"column":15},"end":{"line":514,"column":22}}]},"64":{"type":"branch","line":517,"loc":{"start":{"line":517,"column":38},"end":{"line":517,"column":42}},"locations":[{"start":{"line":517,"column":38},"end":{"line":517,"column":42}}]},"65":{"type":"branch","line":563,"loc":{"start":{"line":563,"column":42},"end":{"line":563,"column":53}},"locations":[{"start":{"line":563,"column":42},"end":{"line":563,"column":53}}]},"66":{"type":"branch","line":563,"loc":{"start":{"line":563,"column":54},"end":{"line":563,"column":65}},"locations":[{"start":{"line":563,"column":54},"end":{"line":563,"column":65}}]},"67":{"type":"branch","line":565,"loc":{"start":{"line":565,"column":35},"end":{"line":565,"column":46}},"locations":[{"start":{"line":565,"column":35},"end":{"line":565,"column":46}}]},"68":{"type":"branch","line":566,"loc":{"start":{"line":566,"column":36},"end":{"line":566,"column":48}},"locations":[{"start":{"line":566,"column":36},"end":{"line":566,"column":48}}]},"69":{"type":"branch","line":531,"loc":{"start":{"line":531,"column":41},"end":{"line":531,"column":58}},"locations":[{"start":{"line":531,"column":41},"end":{"line":531,"column":58}}]},"70":{"type":"branch","line":532,"loc":{"start":{"line":532,"column":32},"end":{"line":532,"column":44}},"locations":[{"start":{"line":532,"column":32},"end":{"line":532,"column":44}}]},"71":{"type":"branch","line":532,"loc":{"start":{"line":532,"column":53},"end":{"line":532,"column":68}},"locations":[{"start":{"line":532,"column":53},"end":{"line":532,"column":68}}]},"72":{"type":"branch","line":534,"loc":{"start":{"line":534,"column":19},"end":{"line":534,"column":31}},"locations":[{"start":{"line":534,"column":19},"end":{"line":534,"column":31}}]},"73":{"type":"branch","line":576,"loc":{"start":{"line":576,"column":18},"end":{"line":580,"column":2}},"locations":[{"start":{"line":576,"column":18},"end":{"line":580,"column":2}}]},"74":{"type":"branch","line":582,"loc":{"start":{"line":582,"column":20},"end":{"line":614,"column":2}},"locations":[{"start":{"line":582,"column":20},"end":{"line":614,"column":2}}]},"75":{"type":"branch","line":583,"loc":{"start":{"line":583,"column":39},"end":{"line":586,"column":3}},"locations":[{"start":{"line":583,"column":39},"end":{"line":586,"column":3}}]},"76":{"type":"branch","line":613,"loc":{"start":{"line":613,"column":33},"end":{"line":613,"column":51}},"locations":[{"start":{"line":613,"column":33},"end":{"line":613,"column":51}}]},"77":{"type":"branch","line":589,"loc":{"start":{"line":589,"column":38},"end":{"line":594,"column":3}},"locations":[{"start":{"line":589,"column":38},"end":{"line":594,"column":3}}]},"78":{"type":"branch","line":597,"loc":{"start":{"line":597,"column":9},"end":{"line":598,"column":76}},"locations":[{"start":{"line":597,"column":9},"end":{"line":598,"column":76}}]},"79":{"type":"branch","line":598,"loc":{"start":{"line":598,"column":14},"end":{"line":598,"column":65}},"locations":[{"start":{"line":598,"column":14},"end":{"line":598,"column":65}}]},"80":{"type":"branch","line":629,"loc":{"start":{"line":629,"column":0},"end":{"line":644,"column":1}},"locations":[{"start":{"line":629,"column":0},"end":{"line":644,"column":1}}]},"81":{"type":"branch","line":641,"loc":{"start":{"line":641,"column":4},"end":{"line":643,"column":3}},"locations":[{"start":{"line":641,"column":4},"end":{"line":643,"column":3}}]},"82":{"type":"branch","line":646,"loc":{"start":{"line":646,"column":0},"end":{"line":660,"column":1}},"locations":[{"start":{"line":646,"column":0},"end":{"line":660,"column":1}}]},"83":{"type":"branch","line":647,"loc":{"start":{"line":647,"column":46},"end":{"line":652,"column":3}},"locations":[{"start":{"line":647,"column":46},"end":{"line":652,"column":3}}]},"84":{"type":"branch","line":654,"loc":{"start":{"line":654,"column":58},"end":{"line":659,"column":3}},"locations":[{"start":{"line":654,"column":58},"end":{"line":659,"column":3}}]},"85":{"type":"branch","line":662,"loc":{"start":{"line":662,"column":22},"end":{"line":757,"column":2}},"locations":[{"start":{"line":662,"column":22},"end":{"line":757,"column":2}}]},"86":{"type":"branch","line":760,"loc":{"start":{"line":760,"column":25},"end":{"line":774,"column":2}},"locations":[{"start":{"line":760,"column":25},"end":{"line":774,"column":2}}]},"87":{"type":"branch","line":776,"loc":{"start":{"line":776,"column":44},"end":{"line":788,"column":2}},"locations":[{"start":{"line":776,"column":44},"end":{"line":788,"column":2}}]}},"b":{"0":[5],"1":[0],"2":[2],"3":[2],"4":[2],"5":[0],"6":[4],"7":[3],"8":[1],"9":[2],"10":[2],"11":[1],"12":[2],"13":[0],"14":[7],"15":[28],"16":[2],"17":[0],"18":[0],"19":[0],"20":[0],"21":[4],"22":[2],"23":[1],"24":[0],"25":[0],"26":[1],"27":[0],"28":[0],"29":[1],"30":[1],"31":[0],"32":[0],"33":[1],"34":[1],"35":[1],"36":[10],"37":[4],"38":[4],"39":[4],"40":[4],"41":[10],"42":[8],"43":[2],"44":[6],"45":[4],"46":[4],"47":[4],"48":[0],"49":[2],"50":[2],"51":[11],"52":[5],"53":[0],"54":[0],"55":[0],"56":[5],"57":[5],"58":[3],"59":[2],"60":[55],"61":[1],"62":[10],"63":[0],"64":[0],"65":[5],"66":[5],"67":[8],"68":[8],"69":[4],"70":[4],"71":[4],"72":[4],"73":[9],"74":[1],"75":[0],"76":[0],"77":[1],"78":[2],"79":[8],"80":[2],"81":[0],"82":[2],"83":[2],"84":[2],"85":[1],"86":[2],"87":[1]},"fnMap":{"0":{"name":"escapeHTML","decl":{"start":{"line":4,"column":19},"end":{"line":12,"column":2}},"loc":{"start":{"line":4,"column":19},"end":{"line":12,"column":2}},"line":4},"1":{"name":"generateID","decl":{"start":{"line":66,"column":19},"end":{"line":68,"column":2}},"loc":{"start":{"line":66,"column":19},"end":{"line":68,"column":2}},"line":66},"2":{"name":"saveToLocalStorage","decl":{"start":{"line":70,"column":27},"end":{"line":72,"column":2}},"loc":{"start":{"line":70,"column":27},"end":{"line":72,"column":2}},"line":70},"3":{"name":"loadFromLocalStorage","decl":{"start":{"line":74,"column":29},"end":{"line":77,"column":2}},"loc":{"start":{"line":74,"column":29},"end":{"line":77,"column":2}},"line":74},"4":{"name":"saveTheme","decl":{"start":{"line":79,"column":18},"end":{"line":81,"column":2}},"loc":{"start":{"line":79,"column":18},"end":{"line":81,"column":2}},"line":79},"5":{"name":"setTheme","decl":{"start":{"line":83,"column":17},"end":{"line":91,"column":2}},"loc":{"start":{"line":83,"column":17},"end":{"line":91,"column":2}},"line":83},"6":{"name":"loadTheme","decl":{"start":{"line":93,"column":18},"end":{"line":96,"column":2}},"loc":{"start":{"line":93,"column":18},"end":{"line":96,"column":2}},"line":93},"7":{"name":"showToast","decl":{"start":{"line":98,"column":18},"end":{"line":104,"column":2}},"loc":{"start":{"line":98,"column":18},"end":{"line":104,"column":2}},"line":98},"8":{"name":"clearErrors","decl":{"start":{"line":106,"column":20},"end":{"line":118,"column":2}},"loc":{"start":{"line":106,"column":20},"end":{"line":118,"column":2}},"line":106},"9":{"name":"setError","decl":{"start":{"line":120,"column":17},"end":{"line":123,"column":2}},"loc":{"start":{"line":120,"column":17},"end":{"line":123,"column":2}},"line":120},"10":{"name":"validateForm","decl":{"start":{"line":125,"column":21},"end":{"line":157,"column":2}},"loc":{"start":{"line":125,"column":21},"end":{"line":157,"column":2}},"line":125},"11":{"name":"resetFormState","decl":{"start":{"line":159,"column":23},"end":{"line":165,"column":2}},"loc":{"start":{"line":159,"column":23},"end":{"line":165,"column":2}},"line":159},"12":{"name":"addTransaction","decl":{"start":{"line":167,"column":23},"end":{"line":199,"column":2}},"loc":{"start":{"line":167,"column":23},"end":{"line":199,"column":2}},"line":167},"13":{"name":"startEditing","decl":{"start":{"line":201,"column":21},"end":{"line":215,"column":2}},"loc":{"start":{"line":201,"column":21},"end":{"line":215,"column":2}},"line":201},"14":{"name":"deleteTransaction","decl":{"start":{"line":225,"column":26},"end":{"line":235,"column":2}},"loc":{"start":{"line":225,"column":26},"end":{"line":235,"column":2}},"line":225},"15":{"name":"openConfirmModal","decl":{"start":{"line":250,"column":25},"end":{"line":260,"column":2}},"loc":{"start":{"line":250,"column":25},"end":{"line":260,"column":2}},"line":250},"16":{"name":"closeConfirmModal","decl":{"start":{"line":262,"column":26},"end":{"line":270,"column":2}},"loc":{"start":{"line":262,"column":26},"end":{"line":270,"column":2}},"line":262},"17":{"name":"handleModalTab","decl":{"start":{"line":273,"column":23},"end":{"line":292,"column":2}},"loc":{"start":{"line":273,"column":23},"end":{"line":292,"column":2}},"line":273},"18":{"name":"renderSummary","decl":{"start":{"line":315,"column":22},"end":{"line":332,"column":2}},"loc":{"start":{"line":315,"column":22},"end":{"line":332,"column":2}},"line":315},"19":{"name":"toCents","decl":{"start":{"line":317,"column":18},"end":{"line":317,"column":48}},"loc":{"start":{"line":317,"column":18},"end":{"line":317,"column":48}},"line":317},"20":{"name":"renderTransactions","decl":{"start":{"line":364,"column":27},"end":{"line":395,"column":2}},"loc":{"start":{"line":364,"column":27},"end":{"line":395,"column":2}},"line":364},"21":{"name":"renderTransactionItem","decl":{"start":{"line":421,"column":30},"end":{"line":451,"column":2}},"loc":{"start":{"line":421,"column":30},"end":{"line":451,"column":2}},"line":421},"22":{"name":"filterTransactions","decl":{"start":{"line":453,"column":27},"end":{"line":468,"column":2}},"loc":{"start":{"line":453,"column":27},"end":{"line":468,"column":2}},"line":453},"23":{"name":"groupByMonth","decl":{"start":{"line":470,"column":21},"end":{"line":494,"column":2}},"loc":{"start":{"line":470,"column":21},"end":{"line":494,"column":2}},"line":470},"24":{"name":"formatCurrency","decl":{"start":{"line":496,"column":23},"end":{"line":501,"column":2}},"loc":{"start":{"line":496,"column":23},"end":{"line":501,"column":2}},"line":496},"25":{"name":"formatDate","decl":{"start":{"line":503,"column":19},"end":{"line":510,"column":2}},"loc":{"start":{"line":503,"column":19},"end":{"line":510,"column":2}},"line":503},"26":{"name":"renderChart","decl":{"start":{"line":512,"column":20},"end":{"line":574,"column":2}},"loc":{"start":{"line":512,"column":20},"end":{"line":574,"column":2}},"line":512},"27":{"name":"renderApp","decl":{"start":{"line":576,"column":18},"end":{"line":580,"column":2}},"loc":{"start":{"line":576,"column":18},"end":{"line":580,"column":2}},"line":576},"28":{"name":"exportToCSV","decl":{"start":{"line":582,"column":20},"end":{"line":614,"column":2}},"loc":{"start":{"line":582,"column":20},"end":{"line":614,"column":2}},"line":582},"29":{"name":"loadLanguage","decl":{"start":{"line":629,"column":0},"end":{"line":644,"column":1}},"loc":{"start":{"line":629,"column":0},"end":{"line":644,"column":1}},"line":629},"30":{"name":"applyI18n","decl":{"start":{"line":646,"column":0},"end":{"line":660,"column":1}},"loc":{"start":{"line":646,"column":0},"end":{"line":660,"column":1}},"line":646},"31":{"name":"initializeApp","decl":{"start":{"line":662,"column":22},"end":{"line":757,"column":2}},"loc":{"start":{"line":662,"column":22},"end":{"line":757,"column":2}},"line":662},"32":{"name":"initCookieBanner","decl":{"start":{"line":760,"column":25},"end":{"line":774,"column":2}},"loc":{"start":{"line":760,"column":25},"end":{"line":774,"column":2}},"line":760}},"f":{"0":5,"1":2,"2":2,"3":2,"4":4,"5":3,"6":2,"7":2,"8":7,"9":0,"10":2,"11":4,"12":1,"13":1,"14":1,"15":1,"16":1,"17":0,"18":10,"19":4,"20":10,"21":4,"22":11,"23":5,"24":55,"25":1,"26":10,"27":9,"28":1,"29":2,"30":2,"31":1,"32":2}}
}
