{"total": {"lines":{"total":827,"covered":718,"skipped":0,"pct":86.81},"statements":{"total":827,"covered":718,"skipped":0,"pct":86.81},"functions":{"total":33,"covered":31,"skipped":0,"pct":93.93},"branches":{"total":88,"covered":66,"skipped":0,"pct":75},"branchesTrue":{"total":0,"covered":0,"skipped":0,"pct":"Unknown"}}
,"C:\\Users\\28449\\Desktop\\advanced-finance-tracker\\main.js": {"lines":{"total":827,"covered":718,"skipped":0,"pct":86.81},"functions":{"total":33,"covered":31,"skipped":0,"pct":93.93},"statements":{"total":827,"covered":718,"skipped":0,"pct":86.81},"branches":{"total":88,"covered":66,"skipped":0,"pct":75}}
}
