{"C:\\Users\\28449\\Desktop\\advanced-finance-tracker\\main.js": {"path":"C:\\Users\\28449\\Desktop\\advanced-finance-tracker\\main.js","all":false,"statementMap":{"0":{"start":{"line":1,"column":0},"end":{"line":1,"column":13}},"1":{"start":{"line":2,"column":0},"end":{"line":2,"column":0}},"2":{"start":{"line":3,"column":0},"end":{"line":3,"column":37}},"3":{"start":{"line":4,"column":0},"end":{"line":4,"column":29}},"4":{"start":{"line":5,"column":0},"end":{"line":5,"column":22}},"5":{"start":{"line":6,"column":0},"end":{"line":6,"column":12}},"6":{"start":{"line":7,"column":0},"end":{"line":7,"column":27}},"7":{"start":{"line":8,"column":0},"end":{"line":8,"column":26}},"8":{"start":{"line":9,"column":0},"end":{"line":9,"column":26}},"9":{"start":{"line":10,"column":0},"end":{"line":10,"column":28}},"10":{"start":{"line":11,"column":0},"end":{"line":11,"column":29}},"11":{"start":{"line":12,"column":0},"end":{"line":12,"column":2}},"12":{"start":{"line":13,"column":0},"end":{"line":13,"column":0}},"13":{"start":{"line":14,"column":0},"end":{"line":14,"column":18}},"14":{"start":{"line":15,"column":0},"end":{"line":15,"column":59}},"15":{"start":{"line":16,"column":0},"end":{"line":16,"column":0}},"16":{"start":{"line":17,"column":0},"end":{"line":17,"column":103}},"17":{"start":{"line":18,"column":0},"end":{"line":18,"column":36}},"18":{"start":{"line":19,"column":0},"end":{"line":19,"column":0}},"19":{"start":{"line":20,"column":0},"end":{"line":20,"column":41}},"20":{"start":{"line":21,"column":0},"end":{"line":21,"column":40}},"21":{"start":{"line":22,"column":0},"end":{"line":22,"column":0}},"22":{"start":{"line":23,"column":0},"end":{"line":23,"column":15}},"23":{"start":{"line":24,"column":0},"end":{"line":24,"column":19}},"24":{"start":{"line":25,"column":0},"end":{"line":25,"column":12}},"25":{"start":{"line":26,"column":0},"end":{"line":26,"column":20}},"26":{"start":{"line":27,"column":0},"end":{"line":27,"column":16}},"27":{"start":{"line":28,"column":0},"end":{"line":28,"column":15}},"28":{"start":{"line":29,"column":0},"end":{"line":29,"column":4}},"29":{"start":{"line":30,"column":0},"end":{"line":30,"column":18}},"30":{"start":{"line":31,"column":0},"end":{"line":31,"column":24}},"31":{"start":{"line":32,"column":0},"end":{"line":32,"column":16}},"32":{"start":{"line":33,"column":0},"end":{"line":33,"column":2}},"33":{"start":{"line":34,"column":0},"end":{"line":34,"column":0}},"34":{"start":{"line":35,"column":0},"end":{"line":35,"column":13}},"35":{"start":{"line":36,"column":0},"end":{"line":36,"column":51}},"36":{"start":{"line":37,"column":0},"end":{"line":37,"column":52}},"37":{"start":{"line":38,"column":0},"end":{"line":38,"column":54}},"38":{"start":{"line":39,"column":0},"end":{"line":39,"column":58}},"39":{"start":{"line":40,"column":0},"end":{"line":40,"column":50}},"40":{"start":{"line":41,"column":0},"end":{"line":41,"column":52}},"41":{"start":{"line":42,"column":0},"end":{"line":42,"column":54}},"42":{"start":{"line":43,"column":0},"end":{"line":43,"column":58}},"43":{"start":{"line":44,"column":0},"end":{"line":44,"column":50}},"44":{"start":{"line":45,"column":0},"end":{"line":45,"column":50}},"45":{"start":{"line":46,"column":0},"end":{"line":46,"column":58}},"46":{"start":{"line":47,"column":0},"end":{"line":47,"column":60}},"47":{"start":{"line":48,"column":0},"end":{"line":48,"column":52}},"48":{"start":{"line":49,"column":0},"end":{"line":49,"column":54}},"49":{"start":{"line":50,"column":0},"end":{"line":50,"column":62}},"50":{"start":{"line":51,"column":0},"end":{"line":51,"column":56}},"51":{"start":{"line":52,"column":0},"end":{"line":52,"column":60}},"52":{"start":{"line":53,"column":0},"end":{"line":53,"column":64}},"53":{"start":{"line":54,"column":0},"end":{"line":54,"column":56}},"54":{"start":{"line":55,"column":0},"end":{"line":55,"column":56}},"55":{"start":{"line":56,"column":0},"end":{"line":56,"column":54}},"56":{"start":{"line":57,"column":0},"end":{"line":57,"column":58}},"57":{"start":{"line":58,"column":0},"end":{"line":58,"column":56}},"58":{"start":{"line":59,"column":0},"end":{"line":59,"column":56}},"59":{"start":{"line":60,"column":0},"end":{"line":60,"column":64}},"60":{"start":{"line":61,"column":0},"end":{"line":61,"column":62}},"61":{"start":{"line":62,"column":0},"end":{"line":62,"column":60}},"62":{"start":{"line":63,"column":0},"end":{"line":63,"column":48}},"63":{"start":{"line":64,"column":0},"end":{"line":64,"column":2}},"64":{"start":{"line":65,"column":0},"end":{"line":65,"column":0}},"65":{"start":{"line":66,"column":0},"end":{"line":66,"column":26}},"66":{"start":{"line":67,"column":0},"end":{"line":67,"column":67}},"67":{"start":{"line":68,"column":0},"end":{"line":68,"column":2}},"68":{"start":{"line":69,"column":0},"end":{"line":69,"column":0}},"69":{"start":{"line":70,"column":0},"end":{"line":70,"column":34}},"70":{"start":{"line":71,"column":0},"end":{"line":71,"column":72}},"71":{"start":{"line":72,"column":0},"end":{"line":72,"column":2}},"72":{"start":{"line":73,"column":0},"end":{"line":73,"column":0}},"73":{"start":{"line":74,"column":0},"end":{"line":74,"column":36}},"74":{"start":{"line":75,"column":0},"end":{"line":75,"column":51}},"75":{"start":{"line":76,"column":0},"end":{"line":76,"column":56}},"76":{"start":{"line":77,"column":0},"end":{"line":77,"column":2}},"77":{"start":{"line":78,"column":0},"end":{"line":78,"column":0}},"78":{"start":{"line":79,"column":0},"end":{"line":79,"column":25}},"79":{"start":{"line":80,"column":0},"end":{"line":80,"column":47}},"80":{"start":{"line":81,"column":0},"end":{"line":81,"column":2}},"81":{"start":{"line":82,"column":0},"end":{"line":82,"column":0}},"82":{"start":{"line":83,"column":0},"end":{"line":83,"column":29}},"83":{"start":{"line":84,"column":0},"end":{"line":84,"column":22}},"84":{"start":{"line":85,"column":0},"end":{"line":85,"column":67}},"85":{"start":{"line":86,"column":0},"end":{"line":86,"column":34}},"86":{"start":{"line":87,"column":0},"end":{"line":87,"column":98}},"87":{"start":{"line":88,"column":0},"end":{"line":88,"column":14}},"88":{"start":{"line":89,"column":0},"end":{"line":89,"column":12}},"89":{"start":{"line":90,"column":0},"end":{"line":90,"column":15}},"90":{"start":{"line":91,"column":0},"end":{"line":91,"column":2}},"91":{"start":{"line":92,"column":0},"end":{"line":92,"column":0}},"92":{"start":{"line":93,"column":0},"end":{"line":93,"column":25}},"93":{"start":{"line":94,"column":0},"end":{"line":94,"column":54}},"94":{"start":{"line":95,"column":0},"end":{"line":95,"column":34}},"95":{"start":{"line":96,"column":0},"end":{"line":96,"column":2}},"96":{"start":{"line":97,"column":0},"end":{"line":97,"column":0}},"97":{"start":{"line":98,"column":0},"end":{"line":98,"column":53}},"98":{"start":{"line":99,"column":0},"end":{"line":99,"column":46}},"99":{"start":{"line":100,"column":0},"end":{"line":100,"column":73}},"100":{"start":{"line":101,"column":0},"end":{"line":101,"column":30}},"101":{"start":{"line":102,"column":0},"end":{"line":102,"column":40}},"102":{"start":{"line":103,"column":0},"end":{"line":103,"column":41}},"103":{"start":{"line":104,"column":0},"end":{"line":104,"column":2}},"104":{"start":{"line":105,"column":0},"end":{"line":105,"column":0}},"105":{"start":{"line":106,"column":0},"end":{"line":106,"column":27}},"106":{"start":{"line":107,"column":0},"end":{"line":107,"column":18}},"107":{"start":{"line":108,"column":0},"end":{"line":108,"column":53}},"108":{"start":{"line":109,"column":0},"end":{"line":109,"column":55}},"109":{"start":{"line":110,"column":0},"end":{"line":110,"column":59}},"110":{"start":{"line":111,"column":0},"end":{"line":111,"column":51}},"111":{"start":{"line":112,"column":0},"end":{"line":112,"column":4}},"112":{"start":{"line":113,"column":0},"end":{"line":113,"column":0}},"113":{"start":{"line":114,"column":0},"end":{"line":114,"column":40}},"114":{"start":{"line":115,"column":0},"end":{"line":115,"column":41}},"115":{"start":{"line":116,"column":0},"end":{"line":116,"column":27}},"116":{"start":{"line":117,"column":0},"end":{"line":117,"column":5}},"117":{"start":{"line":118,"column":0},"end":{"line":118,"column":2}},"118":{"start":{"line":119,"column":0},"end":{"line":119,"column":0}},"119":{"start":{"line":120,"column":0},"end":{"line":120,"column":47}},"120":{"start":{"line":121,"column":0},"end":{"line":121,"column":36}},"121":{"start":{"line":122,"column":0},"end":{"line":122,"column":32}},"122":{"start":{"line":123,"column":0},"end":{"line":123,"column":2}},"123":{"start":{"line":124,"column":0},"end":{"line":124,"column":0}},"124":{"start":{"line":125,"column":0},"end":{"line":125,"column":28}},"125":{"start":{"line":126,"column":0},"end":{"line":126,"column":16}},"126":{"start":{"line":127,"column":0},"end":{"line":127,"column":0}},"127":{"start":{"line":128,"column":0},"end":{"line":128,"column":44}},"128":{"start":{"line":129,"column":0},"end":{"line":129,"column":51}},"129":{"start":{"line":130,"column":0},"end":{"line":130,"column":37}},"130":{"start":{"line":131,"column":0},"end":{"line":131,"column":43}},"131":{"start":{"line":132,"column":0},"end":{"line":132,"column":35}},"132":{"start":{"line":133,"column":0},"end":{"line":133,"column":0}},"133":{"start":{"line":134,"column":0},"end":{"line":134,"column":21}},"134":{"start":{"line":135,"column":0},"end":{"line":135,"column":0}},"135":{"start":{"line":136,"column":0},"end":{"line":136,"column":15}},"136":{"start":{"line":137,"column":0},"end":{"line":137,"column":67}},"137":{"start":{"line":138,"column":0},"end":{"line":138,"column":20}},"138":{"start":{"line":139,"column":0},"end":{"line":139,"column":3}},"139":{"start":{"line":140,"column":0},"end":{"line":140,"column":0}},"140":{"start":{"line":141,"column":0},"end":{"line":141,"column":61}},"141":{"start":{"line":142,"column":0},"end":{"line":142,"column":72}},"142":{"start":{"line":143,"column":0},"end":{"line":143,"column":20}},"143":{"start":{"line":144,"column":0},"end":{"line":144,"column":3}},"144":{"start":{"line":145,"column":0},"end":{"line":145,"column":0}},"145":{"start":{"line":146,"column":0},"end":{"line":146,"column":18}},"146":{"start":{"line":147,"column":0},"end":{"line":147,"column":73}},"147":{"start":{"line":148,"column":0},"end":{"line":148,"column":20}},"148":{"start":{"line":149,"column":0},"end":{"line":149,"column":3}},"149":{"start":{"line":150,"column":0},"end":{"line":150,"column":0}},"150":{"start":{"line":151,"column":0},"end":{"line":151,"column":14}},"151":{"start":{"line":152,"column":0},"end":{"line":152,"column":59}},"152":{"start":{"line":153,"column":0},"end":{"line":153,"column":20}},"153":{"start":{"line":154,"column":0},"end":{"line":154,"column":3}},"154":{"start":{"line":155,"column":0},"end":{"line":155,"column":0}},"155":{"start":{"line":156,"column":0},"end":{"line":156,"column":17}},"156":{"start":{"line":157,"column":0},"end":{"line":157,"column":2}},"157":{"start":{"line":158,"column":0},"end":{"line":158,"column":0}},"158":{"start":{"line":159,"column":0},"end":{"line":159,"column":30}},"159":{"start":{"line":160,"column":0},"end":{"line":160,"column":19}},"160":{"start":{"line":161,"column":0},"end":{"line":161,"column":25}},"161":{"start":{"line":162,"column":0},"end":{"line":162,"column":75}},"162":{"start":{"line":163,"column":0},"end":{"line":163,"column":34}},"163":{"start":{"line":164,"column":0},"end":{"line":164,"column":16}},"164":{"start":{"line":165,"column":0},"end":{"line":165,"column":2}},"165":{"start":{"line":166,"column":0},"end":{"line":166,"column":0}},"166":{"start":{"line":167,"column":0},"end":{"line":167,"column":30}},"167":{"start":{"line":168,"column":0},"end":{"line":168,"column":24}},"168":{"start":{"line":169,"column":0},"end":{"line":169,"column":83}},"169":{"start":{"line":170,"column":0},"end":{"line":170,"column":11}},"170":{"start":{"line":171,"column":0},"end":{"line":171,"column":3}},"171":{"start":{"line":172,"column":0},"end":{"line":172,"column":0}},"172":{"start":{"line":173,"column":0},"end":{"line":173,"column":44}},"173":{"start":{"line":174,"column":0},"end":{"line":174,"column":47}},"174":{"start":{"line":175,"column":0},"end":{"line":175,"column":43}},"175":{"start":{"line":176,"column":0},"end":{"line":176,"column":35}},"176":{"start":{"line":177,"column":0},"end":{"line":177,"column":0}},"177":{"start":{"line":178,"column":0},"end":{"line":178,"column":24}},"178":{"start":{"line":179,"column":0},"end":{"line":179,"column":55}},"179":{"start":{"line":180,"column":0},"end":{"line":180,"column":80}},"180":{"start":{"line":181,"column":0},"end":{"line":181,"column":6}},"181":{"start":{"line":182,"column":0},"end":{"line":182,"column":69}},"182":{"start":{"line":183,"column":0},"end":{"line":183,"column":10}},"183":{"start":{"line":184,"column":0},"end":{"line":184,"column":28}},"184":{"start":{"line":185,"column":0},"end":{"line":185,"column":23}},"185":{"start":{"line":186,"column":0},"end":{"line":186,"column":12}},"186":{"start":{"line":187,"column":0},"end":{"line":187,"column":13}},"187":{"start":{"line":188,"column":0},"end":{"line":188,"column":15}},"188":{"start":{"line":189,"column":0},"end":{"line":189,"column":11}},"189":{"start":{"line":190,"column":0},"end":{"line":190,"column":6}},"190":{"start":{"line":191,"column":0},"end":{"line":191,"column":0}},"191":{"start":{"line":192,"column":0},"end":{"line":192,"column":65}},"192":{"start":{"line":193,"column":0},"end":{"line":193,"column":65}},"193":{"start":{"line":194,"column":0},"end":{"line":194,"column":3}},"194":{"start":{"line":195,"column":0},"end":{"line":195,"column":0}},"195":{"start":{"line":196,"column":0},"end":{"line":196,"column":19}},"196":{"start":{"line":197,"column":0},"end":{"line":197,"column":23}},"197":{"start":{"line":198,"column":0},"end":{"line":198,"column":14}},"198":{"start":{"line":199,"column":0},"end":{"line":199,"column":2}},"199":{"start":{"line":200,"column":0},"end":{"line":200,"column":0}},"200":{"start":{"line":201,"column":0},"end":{"line":201,"column":30}},"201":{"start":{"line":202,"column":0},"end":{"line":202,"column":68}},"202":{"start":{"line":203,"column":0},"end":{"line":203,"column":27}},"203":{"start":{"line":204,"column":0},"end":{"line":204,"column":0}},"204":{"start":{"line":205,"column":0},"end":{"line":205,"column":43}},"205":{"start":{"line":206,"column":0},"end":{"line":206,"column":45}},"206":{"start":{"line":207,"column":0},"end":{"line":207,"column":49}},"207":{"start":{"line":208,"column":0},"end":{"line":208,"column":41}},"208":{"start":{"line":209,"column":0},"end":{"line":209,"column":0}},"209":{"start":{"line":210,"column":0},"end":{"line":210,"column":23}},"210":{"start":{"line":211,"column":0},"end":{"line":211,"column":69}},"211":{"start":{"line":212,"column":0},"end":{"line":212,"column":35}},"212":{"start":{"line":213,"column":0},"end":{"line":213,"column":25}},"213":{"start":{"line":214,"column":0},"end":{"line":214,"column":61}},"214":{"start":{"line":215,"column":0},"end":{"line":215,"column":2}},"215":{"start":{"line":216,"column":0},"end":{"line":216,"column":0}},"216":{"start":{"line":217,"column":0},"end":{"line":217,"column":38}},"217":{"start":{"line":218,"column":0},"end":{"line":218,"column":74}},"218":{"start":{"line":219,"column":0},"end":{"line":219,"column":26}},"219":{"start":{"line":220,"column":0},"end":{"line":220,"column":17}},"220":{"start":{"line":221,"column":0},"end":{"line":221,"column":39}},"221":{"start":{"line":222,"column":0},"end":{"line":222,"column":5}},"222":{"start":{"line":223,"column":0},"end":{"line":223,"column":0}},"223":{"start":{"line":224,"column":0},"end":{"line":224,"column":13}},"224":{"start":{"line":225,"column":0},"end":{"line":225,"column":35}},"225":{"start":{"line":226,"column":0},"end":{"line":226,"column":71}},"226":{"start":{"line":227,"column":0},"end":{"line":227,"column":23}},"227":{"start":{"line":228,"column":0},"end":{"line":228,"column":14}},"228":{"start":{"line":229,"column":0},"end":{"line":229,"column":67}},"229":{"start":{"line":230,"column":0},"end":{"line":230,"column":50}},"230":{"start":{"line":231,"column":0},"end":{"line":231,"column":22}},"231":{"start":{"line":232,"column":0},"end":{"line":232,"column":24}},"232":{"start":{"line":233,"column":0},"end":{"line":233,"column":11}},"233":{"start":{"line":234,"column":0},"end":{"line":234,"column":3}},"234":{"start":{"line":235,"column":0},"end":{"line":235,"column":2}},"235":{"start":{"line":236,"column":0},"end":{"line":236,"column":0}},"236":{"start":{"line":237,"column":0},"end":{"line":237,"column":37}},"237":{"start":{"line":238,"column":0},"end":{"line":238,"column":32}},"238":{"start":{"line":239,"column":0},"end":{"line":239,"column":47}},"239":{"start":{"line":240,"column":0},"end":{"line":240,"column":59}},"240":{"start":{"line":241,"column":0},"end":{"line":241,"column":5}},"241":{"start":{"line":242,"column":0},"end":{"line":242,"column":0}},"242":{"start":{"line":243,"column":0},"end":{"line":243,"column":36}},"243":{"start":{"line":244,"column":0},"end":{"line":244,"column":34}},"244":{"start":{"line":245,"column":0},"end":{"line":245,"column":50}},"245":{"start":{"line":246,"column":0},"end":{"line":246,"column":58}},"246":{"start":{"line":247,"column":0},"end":{"line":247,"column":5}},"247":{"start":{"line":248,"column":0},"end":{"line":248,"column":0}},"248":{"start":{"line":249,"column":0},"end":{"line":249,"column":14}},"249":{"start":{"line":250,"column":0},"end":{"line":250,"column":34}},"250":{"start":{"line":251,"column":0},"end":{"line":251,"column":29}},"251":{"start":{"line":252,"column":0},"end":{"line":252,"column":52}},"252":{"start":{"line":253,"column":0},"end":{"line":253,"column":0}},"253":{"start":{"line":254,"column":0},"end":{"line":254,"column":44}},"254":{"start":{"line":255,"column":0},"end":{"line":255,"column":56}},"255":{"start":{"line":256,"column":0},"end":{"line":256,"column":20}},"256":{"start":{"line":257,"column":0},"end":{"line":257,"column":32}},"257":{"start":{"line":258,"column":0},"end":{"line":258,"column":9}},"258":{"start":{"line":259,"column":0},"end":{"line":259,"column":63}},"259":{"start":{"line":260,"column":0},"end":{"line":260,"column":2}},"260":{"start":{"line":261,"column":0},"end":{"line":261,"column":0}},"261":{"start":{"line":262,"column":0},"end":{"line":262,"column":33}},"262":{"start":{"line":263,"column":0},"end":{"line":263,"column":31}},"263":{"start":{"line":264,"column":0},"end":{"line":264,"column":47}},"264":{"start":{"line":265,"column":0},"end":{"line":265,"column":55}},"265":{"start":{"line":266,"column":0},"end":{"line":266,"column":66}},"266":{"start":{"line":267,"column":0},"end":{"line":267,"column":89}},"267":{"start":{"line":268,"column":0},"end":{"line":268,"column":37}},"268":{"start":{"line":269,"column":0},"end":{"line":269,"column":3}},"269":{"start":{"line":270,"column":0},"end":{"line":270,"column":2}},"270":{"start":{"line":271,"column":0},"end":{"line":271,"column":0}},"271":{"start":{"line":272,"column":0},"end":{"line":272,"column":13}},"272":{"start":{"line":273,"column":0},"end":{"line":273,"column":31}},"273":{"start":{"line":274,"column":0},"end":{"line":274,"column":30}},"274":{"start":{"line":275,"column":0},"end":{"line":275,"column":0}},"275":{"start":{"line":276,"column":0},"end":{"line":276,"column":72}},"276":{"start":{"line":277,"column":0},"end":{"line":277,"column":44}},"277":{"start":{"line":278,"column":0},"end":{"line":278,"column":70}},"278":{"start":{"line":279,"column":0},"end":{"line":279,"column":0}},"279":{"start":{"line":280,"column":0},"end":{"line":280,"column":19}},"280":{"start":{"line":281,"column":0},"end":{"line":281,"column":50}},"281":{"start":{"line":282,"column":0},"end":{"line":282,"column":26}},"282":{"start":{"line":283,"column":0},"end":{"line":283,"column":26}},"283":{"start":{"line":284,"column":0},"end":{"line":284,"column":5}},"284":{"start":{"line":285,"column":0},"end":{"line":285,"column":4}},"285":{"start":{"line":286,"column":0},"end":{"line":286,"column":8}},"286":{"start":{"line":287,"column":0},"end":{"line":287,"column":49}},"287":{"start":{"line":288,"column":0},"end":{"line":288,"column":27}},"288":{"start":{"line":289,"column":0},"end":{"line":289,"column":25}},"289":{"start":{"line":290,"column":0},"end":{"line":290,"column":5}},"290":{"start":{"line":291,"column":0},"end":{"line":291,"column":3}},"291":{"start":{"line":292,"column":0},"end":{"line":292,"column":2}},"292":{"start":{"line":293,"column":0},"end":{"line":293,"column":0}},"293":{"start":{"line":294,"column":0},"end":{"line":294,"column":15}},"294":{"start":{"line":295,"column":0},"end":{"line":295,"column":32}},"295":{"start":{"line":296,"column":0},"end":{"line":296,"column":63}},"296":{"start":{"line":297,"column":0},"end":{"line":297,"column":0}},"297":{"start":{"line":298,"column":0},"end":{"line":298,"column":32}},"298":{"start":{"line":299,"column":0},"end":{"line":299,"column":38}},"299":{"start":{"line":300,"column":0},"end":{"line":300,"column":49}},"300":{"start":{"line":301,"column":0},"end":{"line":301,"column":0}},"301":{"start":{"line":302,"column":0},"end":{"line":302,"column":34}},"302":{"start":{"line":303,"column":0},"end":{"line":303,"column":38}},"303":{"start":{"line":304,"column":0},"end":{"line":304,"column":49}},"304":{"start":{"line":305,"column":0},"end":{"line":305,"column":0}},"305":{"start":{"line":306,"column":0},"end":{"line":306,"column":54}},"306":{"start":{"line":307,"column":0},"end":{"line":307,"column":0}},"307":{"start":{"line":308,"column":0},"end":{"line":308,"column":63}},"308":{"start":{"line":309,"column":0},"end":{"line":309,"column":77}},"309":{"start":{"line":310,"column":0},"end":{"line":310,"column":65}},"310":{"start":{"line":311,"column":0},"end":{"line":311,"column":5}},"311":{"start":{"line":312,"column":0},"end":{"line":312,"column":0}},"312":{"start":{"line":313,"column":0},"end":{"line":313,"column":0}},"313":{"start":{"line":314,"column":0},"end":{"line":314,"column":17}},"314":{"start":{"line":315,"column":0},"end":{"line":315,"column":29}},"315":{"start":{"line":316,"column":0},"end":{"line":316,"column":133}},"316":{"start":{"line":317,"column":0},"end":{"line":317,"column":49}},"317":{"start":{"line":318,"column":0},"end":{"line":318,"column":2}},"318":{"start":{"line":319,"column":0},"end":{"line":319,"column":45}},"319":{"start":{"line":320,"column":0},"end":{"line":320,"column":34}},"320":{"start":{"line":321,"column":0},"end":{"line":321,"column":54}},"321":{"start":{"line":322,"column":0},"end":{"line":322,"column":0}},"322":{"start":{"line":323,"column":0},"end":{"line":323,"column":47}},"323":{"start":{"line":324,"column":0},"end":{"line":324,"column":34}},"324":{"start":{"line":325,"column":0},"end":{"line":325,"column":64}},"325":{"start":{"line":326,"column":0},"end":{"line":326,"column":0}},"326":{"start":{"line":327,"column":0},"end":{"line":327,"column":61}},"327":{"start":{"line":328,"column":0},"end":{"line":328,"column":0}},"328":{"start":{"line":329,"column":0},"end":{"line":329,"column":71}},"329":{"start":{"line":330,"column":0},"end":{"line":330,"column":75}},"330":{"start":{"line":331,"column":0},"end":{"line":331,"column":68}},"331":{"start":{"line":332,"column":0},"end":{"line":332,"column":2}},"332":{"start":{"line":333,"column":0},"end":{"line":333,"column":0}},"333":{"start":{"line":334,"column":0},"end":{"line":334,"column":34}},"334":{"start":{"line":335,"column":0},"end":{"line":335,"column":40}},"335":{"start":{"line":336,"column":0},"end":{"line":336,"column":0}},"336":{"start":{"line":337,"column":0},"end":{"line":337,"column":62}},"337":{"start":{"line":338,"column":0},"end":{"line":338,"column":0}},"338":{"start":{"line":339,"column":0},"end":{"line":339,"column":30}},"339":{"start":{"line":340,"column":0},"end":{"line":340,"column":38}},"340":{"start":{"line":341,"column":0},"end":{"line":341,"column":39}},"341":{"start":{"line":342,"column":0},"end":{"line":342,"column":40}},"342":{"start":{"line":343,"column":0},"end":{"line":343,"column":92}},"343":{"start":{"line":344,"column":0},"end":{"line":344,"column":125}},"344":{"start":{"line":345,"column":0},"end":{"line":345,"column":12}},"345":{"start":{"line":346,"column":0},"end":{"line":346,"column":6}},"346":{"start":{"line":347,"column":0},"end":{"line":347,"column":11}},"347":{"start":{"line":348,"column":0},"end":{"line":348,"column":3}},"348":{"start":{"line":349,"column":0},"end":{"line":349,"column":0}},"349":{"start":{"line":350,"column":0},"end":{"line":350,"column":40}},"350":{"start":{"line":351,"column":0},"end":{"line":351,"column":0}},"351":{"start":{"line":352,"column":0},"end":{"line":352,"column":41}},"352":{"start":{"line":353,"column":0},"end":{"line":353,"column":9}},"353":{"start":{"line":354,"column":0},"end":{"line":354,"column":18}},"354":{"start":{"line":355,"column":0},"end":{"line":355,"column":33}},"355":{"start":{"line":356,"column":0},"end":{"line":356,"column":51}},"356":{"start":{"line":357,"column":0},"end":{"line":357,"column":60}},"357":{"start":{"line":358,"column":0},"end":{"line":358,"column":14}},"358":{"start":{"line":359,"column":0},"end":{"line":359,"column":8}},"359":{"start":{"line":360,"column":0},"end":{"line":360,"column":5}},"360":{"start":{"line":361,"column":0},"end":{"line":361,"column":14}},"361":{"start":{"line":362,"column":0},"end":{"line":362,"column":2}},"362":{"start":{"line":363,"column":0},"end":{"line":363,"column":0}},"363":{"start":{"line":364,"column":0},"end":{"line":364,"column":42}},"364":{"start":{"line":365,"column":0},"end":{"line":365,"column":77}},"365":{"start":{"line":366,"column":0},"end":{"line":366,"column":55}},"366":{"start":{"line":367,"column":0},"end":{"line":367,"column":47}},"367":{"start":{"line":368,"column":0},"end":{"line":368,"column":0}},"368":{"start":{"line":369,"column":0},"end":{"line":369,"column":13}},"369":{"start":{"line":370,"column":0},"end":{"line":370,"column":32}},"370":{"start":{"line":371,"column":0},"end":{"line":371,"column":14}},"371":{"start":{"line":372,"column":0},"end":{"line":372,"column":56}},"372":{"start":{"line":373,"column":0},"end":{"line":373,"column":42}},"373":{"start":{"line":374,"column":0},"end":{"line":374,"column":54}},"374":{"start":{"line":375,"column":0},"end":{"line":375,"column":42}},"375":{"start":{"line":376,"column":0},"end":{"line":376,"column":17}},"376":{"start":{"line":377,"column":0},"end":{"line":377,"column":15}},"377":{"start":{"line":378,"column":0},"end":{"line":378,"column":14}},"378":{"start":{"line":379,"column":0},"end":{"line":379,"column":64}},"379":{"start":{"line":380,"column":0},"end":{"line":380,"column":68}},"380":{"start":{"line":381,"column":0},"end":{"line":381,"column":72}},"381":{"start":{"line":382,"column":0},"end":{"line":382,"column":15}},"382":{"start":{"line":383,"column":0},"end":{"line":383,"column":13}},"383":{"start":{"line":384,"column":0},"end":{"line":384,"column":7}},"384":{"start":{"line":385,"column":0},"end":{"line":385,"column":5}},"385":{"start":{"line":386,"column":0},"end":{"line":386,"column":0}},"386":{"start":{"line":387,"column":0},"end":{"line":387,"column":39}},"387":{"start":{"line":388,"column":0},"end":{"line":388,"column":74}},"388":{"start":{"line":389,"column":0},"end":{"line":389,"column":52}},"389":{"start":{"line":390,"column":0},"end":{"line":390,"column":44}},"390":{"start":{"line":391,"column":0},"end":{"line":391,"column":0}},"391":{"start":{"line":392,"column":0},"end":{"line":392,"column":94}},"392":{"start":{"line":393,"column":0},"end":{"line":393,"column":41}},"393":{"start":{"line":394,"column":0},"end":{"line":394,"column":0}},"394":{"start":{"line":395,"column":0},"end":{"line":395,"column":10}},"395":{"start":{"line":396,"column":0},"end":{"line":396,"column":29}},"396":{"start":{"line":397,"column":0},"end":{"line":397,"column":11}},"397":{"start":{"line":398,"column":0},"end":{"line":398,"column":55}},"398":{"start":{"line":399,"column":0},"end":{"line":399,"column":39}},"399":{"start":{"line":400,"column":0},"end":{"line":400,"column":51}},"400":{"start":{"line":401,"column":0},"end":{"line":401,"column":39}},"401":{"start":{"line":402,"column":0},"end":{"line":402,"column":14}},"402":{"start":{"line":403,"column":0},"end":{"line":403,"column":12}},"403":{"start":{"line":404,"column":0},"end":{"line":404,"column":11}},"404":{"start":{"line":405,"column":0},"end":{"line":405,"column":61}},"405":{"start":{"line":406,"column":0},"end":{"line":406,"column":87}},"406":{"start":{"line":407,"column":0},"end":{"line":407,"column":93}},"407":{"start":{"line":408,"column":0},"end":{"line":408,"column":12}},"408":{"start":{"line":409,"column":0},"end":{"line":409,"column":10}},"409":{"start":{"line":410,"column":0},"end":{"line":410,"column":4}},"410":{"start":{"line":411,"column":0},"end":{"line":411,"column":2}},"411":{"start":{"line":412,"column":0},"end":{"line":412,"column":0}},"412":{"start":{"line":413,"column":0},"end":{"line":413,"column":34}},"413":{"start":{"line":414,"column":0},"end":{"line":414,"column":51}},"414":{"start":{"line":415,"column":0},"end":{"line":415,"column":0}},"415":{"start":{"line":416,"column":0},"end":{"line":416,"column":44}},"416":{"start":{"line":417,"column":0},"end":{"line":417,"column":75}},"417":{"start":{"line":418,"column":0},"end":{"line":418,"column":0}},"418":{"start":{"line":419,"column":0},"end":{"line":419,"column":23}},"419":{"start":{"line":420,"column":0},"end":{"line":420,"column":23}},"420":{"start":{"line":421,"column":0},"end":{"line":421,"column":45}},"421":{"start":{"line":422,"column":0},"end":{"line":422,"column":44}},"422":{"start":{"line":423,"column":0},"end":{"line":423,"column":0}},"423":{"start":{"line":424,"column":0},"end":{"line":424,"column":80}},"424":{"start":{"line":425,"column":0},"end":{"line":425,"column":0}},"425":{"start":{"line":426,"column":0},"end":{"line":426,"column":59}},"426":{"start":{"line":427,"column":0},"end":{"line":427,"column":5}},"427":{"start":{"line":428,"column":0},"end":{"line":428,"column":2}},"428":{"start":{"line":429,"column":0},"end":{"line":429,"column":0}},"429":{"start":{"line":430,"column":0},"end":{"line":430,"column":40}},"430":{"start":{"line":431,"column":0},"end":{"line":431,"column":40}},"431":{"start":{"line":432,"column":0},"end":{"line":432,"column":50}},"432":{"start":{"line":433,"column":0},"end":{"line":433,"column":4}},"433":{"start":{"line":434,"column":0},"end":{"line":434,"column":0}},"434":{"start":{"line":435,"column":0},"end":{"line":435,"column":20}},"435":{"start":{"line":436,"column":0},"end":{"line":436,"column":27}},"436":{"start":{"line":437,"column":0},"end":{"line":437,"column":0}},"437":{"start":{"line":438,"column":0},"end":{"line":438,"column":26}},"438":{"start":{"line":439,"column":0},"end":{"line":439,"column":65}},"439":{"start":{"line":440,"column":0},"end":{"line":440,"column":20}},"440":{"start":{"line":441,"column":0},"end":{"line":441,"column":22}},"441":{"start":{"line":442,"column":0},"end":{"line":442,"column":7}},"442":{"start":{"line":443,"column":0},"end":{"line":443,"column":0}},"443":{"start":{"line":444,"column":0},"end":{"line":444,"column":29}},"444":{"start":{"line":445,"column":0},"end":{"line":445,"column":46}},"445":{"start":{"line":446,"column":0},"end":{"line":446,"column":37}},"446":{"start":{"line":447,"column":0},"end":{"line":447,"column":5}},"447":{"start":{"line":448,"column":0},"end":{"line":448,"column":0}},"448":{"start":{"line":449,"column":0},"end":{"line":449,"column":37}},"449":{"start":{"line":450,"column":0},"end":{"line":450,"column":5}},"450":{"start":{"line":451,"column":0},"end":{"line":451,"column":0}},"451":{"start":{"line":452,"column":0},"end":{"line":452,"column":16}},"452":{"start":{"line":453,"column":0},"end":{"line":453,"column":2}},"453":{"start":{"line":454,"column":0},"end":{"line":454,"column":0}},"454":{"start":{"line":455,"column":0},"end":{"line":455,"column":36}},"455":{"start":{"line":456,"column":0},"end":{"line":456,"column":41}},"456":{"start":{"line":457,"column":0},"end":{"line":457,"column":22}},"457":{"start":{"line":458,"column":0},"end":{"line":458,"column":20}},"458":{"start":{"line":459,"column":0},"end":{"line":459,"column":20}},"459":{"start":{"line":460,"column":0},"end":{"line":460,"column":2}},"460":{"start":{"line":461,"column":0},"end":{"line":461,"column":0}},"461":{"start":{"line":462,"column":0},"end":{"line":462,"column":36}},"462":{"start":{"line":463,"column":0},"end":{"line":463,"column":36}},"463":{"start":{"line":464,"column":0},"end":{"line":464,"column":43}},"464":{"start":{"line":465,"column":0},"end":{"line":465,"column":20}},"465":{"start":{"line":466,"column":0},"end":{"line":466,"column":19}},"466":{"start":{"line":467,"column":0},"end":{"line":467,"column":19}},"467":{"start":{"line":468,"column":0},"end":{"line":468,"column":5}},"468":{"start":{"line":469,"column":0},"end":{"line":469,"column":2}},"469":{"start":{"line":470,"column":0},"end":{"line":470,"column":0}},"470":{"start":{"line":471,"column":0},"end":{"line":471,"column":27}},"471":{"start":{"line":472,"column":0},"end":{"line":472,"column":34}},"472":{"start":{"line":473,"column":0},"end":{"line":473,"column":22}},"473":{"start":{"line":474,"column":0},"end":{"line":474,"column":0}},"474":{"start":{"line":475,"column":0},"end":{"line":475,"column":38}},"475":{"start":{"line":476,"column":0},"end":{"line":476,"column":43}},"476":{"start":{"line":477,"column":0},"end":{"line":477,"column":0}},"477":{"start":{"line":478,"column":0},"end":{"line":478,"column":42}},"478":{"start":{"line":479,"column":0},"end":{"line":479,"column":28}},"479":{"start":{"line":480,"column":0},"end":{"line":480,"column":0}},"480":{"start":{"line":481,"column":0},"end":{"line":481,"column":36}},"481":{"start":{"line":482,"column":0},"end":{"line":482,"column":38}},"482":{"start":{"line":483,"column":0},"end":{"line":483,"column":41}},"483":{"start":{"line":484,"column":0},"end":{"line":484,"column":0}},"484":{"start":{"line":485,"column":0},"end":{"line":485,"column":29}},"485":{"start":{"line":486,"column":0},"end":{"line":486,"column":31}},"486":{"start":{"line":487,"column":0},"end":{"line":487,"column":0}},"487":{"start":{"line":488,"column":0},"end":{"line":488,"column":37}},"488":{"start":{"line":489,"column":0},"end":{"line":489,"column":0}},"489":{"start":{"line":490,"column":0},"end":{"line":490,"column":60}},"490":{"start":{"line":491,"column":0},"end":{"line":491,"column":73}},"491":{"start":{"line":492,"column":0},"end":{"line":492,"column":28}},"492":{"start":{"line":493,"column":0},"end":{"line":493,"column":60}},"493":{"start":{"line":494,"column":0},"end":{"line":494,"column":4}},"494":{"start":{"line":495,"column":0},"end":{"line":495,"column":0}},"495":{"start":{"line":496,"column":0},"end":{"line":496,"column":49}},"496":{"start":{"line":497,"column":0},"end":{"line":497,"column":23}},"497":{"start":{"line":498,"column":0},"end":{"line":498,"column":17}},"498":{"start":{"line":499,"column":0},"end":{"line":499,"column":28}},"499":{"start":{"line":500,"column":0},"end":{"line":500,"column":0}},"500":{"start":{"line":501,"column":0},"end":{"line":501,"column":59}},"501":{"start":{"line":502,"column":0},"end":{"line":502,"column":62}},"502":{"start":{"line":503,"column":0},"end":{"line":503,"column":0}},"503":{"start":{"line":504,"column":0},"end":{"line":504,"column":45}},"504":{"start":{"line":505,"column":0},"end":{"line":505,"column":18}},"505":{"start":{"line":506,"column":0},"end":{"line":506,"column":24}},"506":{"start":{"line":507,"column":0},"end":{"line":507,"column":32}},"507":{"start":{"line":508,"column":0},"end":{"line":508,"column":15}},"508":{"start":{"line":509,"column":0},"end":{"line":509,"column":0}},"509":{"start":{"line":510,"column":0},"end":{"line":510,"column":28}},"510":{"start":{"line":511,"column":0},"end":{"line":511,"column":66}},"511":{"start":{"line":512,"column":0},"end":{"line":512,"column":0}},"512":{"start":{"line":513,"column":0},"end":{"line":513,"column":28}},"513":{"start":{"line":514,"column":0},"end":{"line":514,"column":15}},"514":{"start":{"line":515,"column":0},"end":{"line":515,"column":25}},"515":{"start":{"line":516,"column":0},"end":{"line":516,"column":26}},"516":{"start":{"line":517,"column":0},"end":{"line":517,"column":13}},"517":{"start":{"line":518,"column":0},"end":{"line":518,"column":18}},"518":{"start":{"line":519,"column":0},"end":{"line":519,"column":4}},"519":{"start":{"line":520,"column":0},"end":{"line":520,"column":0}},"520":{"start":{"line":521,"column":0},"end":{"line":521,"column":45}},"521":{"start":{"line":522,"column":0},"end":{"line":522,"column":66}},"522":{"start":{"line":523,"column":0},"end":{"line":523,"column":31}},"523":{"start":{"line":524,"column":0},"end":{"line":524,"column":65}},"524":{"start":{"line":525,"column":0},"end":{"line":525,"column":84}},"525":{"start":{"line":526,"column":0},"end":{"line":526,"column":0}},"526":{"start":{"line":527,"column":0},"end":{"line":527,"column":71}},"527":{"start":{"line":528,"column":0},"end":{"line":528,"column":15}},"528":{"start":{"line":529,"column":0},"end":{"line":529,"column":29}},"529":{"start":{"line":530,"column":0},"end":{"line":530,"column":25}},"530":{"start":{"line":531,"column":0},"end":{"line":531,"column":31}},"531":{"start":{"line":532,"column":0},"end":{"line":532,"column":4}},"532":{"start":{"line":533,"column":0},"end":{"line":533,"column":2}},"533":{"start":{"line":534,"column":0},"end":{"line":534,"column":0}},"534":{"start":{"line":535,"column":0},"end":{"line":535,"column":25}},"535":{"start":{"line":536,"column":0},"end":{"line":536,"column":18}},"536":{"start":{"line":537,"column":0},"end":{"line":537,"column":23}},"537":{"start":{"line":538,"column":0},"end":{"line":538,"column":16}},"538":{"start":{"line":539,"column":0},"end":{"line":539,"column":2}},"539":{"start":{"line":540,"column":0},"end":{"line":540,"column":0}},"540":{"start":{"line":541,"column":0},"end":{"line":541,"column":27}},"541":{"start":{"line":542,"column":0},"end":{"line":542,"column":40}},"542":{"start":{"line":543,"column":0},"end":{"line":543,"column":70}},"543":{"start":{"line":544,"column":0},"end":{"line":544,"column":11}},"544":{"start":{"line":545,"column":0},"end":{"line":545,"column":3}},"545":{"start":{"line":546,"column":0},"end":{"line":546,"column":0}},"546":{"start":{"line":547,"column":0},"end":{"line":547,"column":58}},"547":{"start":{"line":548,"column":0},"end":{"line":548,"column":47}},"548":{"start":{"line":549,"column":0},"end":{"line":549,"column":13}},"549":{"start":{"line":550,"column":0},"end":{"line":550,"column":14}},"550":{"start":{"line":551,"column":0},"end":{"line":551,"column":16}},"551":{"start":{"line":552,"column":0},"end":{"line":552,"column":12}},"552":{"start":{"line":553,"column":0},"end":{"line":553,"column":5}},"553":{"start":{"line":554,"column":0},"end":{"line":554,"column":0}},"554":{"start":{"line":555,"column":0},"end":{"line":555,"column":32}},"555":{"start":{"line":556,"column":0},"end":{"line":556,"column":17}},"556":{"start":{"line":557,"column":0},"end":{"line":557,"column":77}},"557":{"start":{"line":558,"column":0},"end":{"line":558,"column":5}},"558":{"start":{"line":559,"column":0},"end":{"line":559,"column":16}},"559":{"start":{"line":560,"column":0},"end":{"line":560,"column":0}},"560":{"start":{"line":561,"column":0},"end":{"line":561,"column":68}},"561":{"start":{"line":562,"column":0},"end":{"line":562,"column":40}},"562":{"start":{"line":563,"column":0},"end":{"line":563,"column":43}},"563":{"start":{"line":564,"column":0},"end":{"line":564,"column":0}},"564":{"start":{"line":565,"column":0},"end":{"line":565,"column":18}},"565":{"start":{"line":566,"column":0},"end":{"line":566,"column":37}},"566":{"start":{"line":567,"column":0},"end":{"line":567,"column":34}},"567":{"start":{"line":568,"column":0},"end":{"line":568,"column":15}},"568":{"start":{"line":569,"column":0},"end":{"line":569,"column":16}},"569":{"start":{"line":570,"column":0},"end":{"line":570,"column":27}},"570":{"start":{"line":571,"column":0},"end":{"line":571,"column":0}},"571":{"start":{"line":572,"column":0},"end":{"line":572,"column":53}},"572":{"start":{"line":573,"column":0},"end":{"line":573,"column":2}},"573":{"start":{"line":574,"column":0},"end":{"line":574,"column":0}},"574":{"start":{"line":575,"column":0},"end":{"line":575,"column":35}},"575":{"start":{"line":576,"column":0},"end":{"line":576,"column":7}},"576":{"start":{"line":577,"column":0},"end":{"line":577,"column":52}},"577":{"start":{"line":578,"column":0},"end":{"line":578,"column":32}},"578":{"start":{"line":579,"column":0},"end":{"line":579,"column":23}},"579":{"start":{"line":580,"column":0},"end":{"line":580,"column":43}},"580":{"start":{"line":581,"column":0},"end":{"line":581,"column":16}},"581":{"start":{"line":582,"column":0},"end":{"line":582,"column":17}},"582":{"start":{"line":583,"column":0},"end":{"line":583,"column":35}},"583":{"start":{"line":584,"column":0},"end":{"line":584,"column":3}},"584":{"start":{"line":585,"column":0},"end":{"line":585,"column":1}},"585":{"start":{"line":586,"column":0},"end":{"line":586,"column":0}},"586":{"start":{"line":587,"column":0},"end":{"line":587,"column":22}},"587":{"start":{"line":588,"column":0},"end":{"line":588,"column":53}},"588":{"start":{"line":589,"column":0},"end":{"line":589,"column":40}},"589":{"start":{"line":590,"column":0},"end":{"line":590,"column":24}},"590":{"start":{"line":591,"column":0},"end":{"line":591,"column":35}},"591":{"start":{"line":592,"column":0},"end":{"line":592,"column":5}},"592":{"start":{"line":593,"column":0},"end":{"line":593,"column":5}},"593":{"start":{"line":594,"column":0},"end":{"line":594,"column":1}},"594":{"start":{"line":595,"column":0},"end":{"line":595,"column":0}},"595":{"start":{"line":596,"column":0},"end":{"line":596,"column":29}},"596":{"start":{"line":597,"column":0},"end":{"line":597,"column":25}},"597":{"start":{"line":598,"column":0},"end":{"line":598,"column":14}},"598":{"start":{"line":599,"column":0},"end":{"line":599,"column":14}},"599":{"start":{"line":600,"column":0},"end":{"line":600,"column":0}},"600":{"start":{"line":601,"column":0},"end":{"line":601,"column":20}},"601":{"start":{"line":602,"column":0},"end":{"line":602,"column":44}},"602":{"start":{"line":603,"column":0},"end":{"line":603,"column":10}},"603":{"start":{"line":604,"column":0},"end":{"line":604,"column":0}},"604":{"start":{"line":605,"column":0},"end":{"line":605,"column":46}},"605":{"start":{"line":606,"column":0},"end":{"line":606,"column":23}},"606":{"start":{"line":607,"column":0},"end":{"line":607,"column":21}},"607":{"start":{"line":608,"column":0},"end":{"line":608,"column":5}},"608":{"start":{"line":609,"column":0},"end":{"line":609,"column":0}},"609":{"start":{"line":610,"column":0},"end":{"line":610,"column":53}},"610":{"start":{"line":611,"column":0},"end":{"line":611,"column":21}},"611":{"start":{"line":612,"column":0},"end":{"line":612,"column":5}},"612":{"start":{"line":613,"column":0},"end":{"line":613,"column":0}},"613":{"start":{"line":614,"column":0},"end":{"line":614,"column":57}},"614":{"start":{"line":615,"column":0},"end":{"line":615,"column":57}},"615":{"start":{"line":616,"column":0},"end":{"line":616,"column":53}},"616":{"start":{"line":617,"column":0},"end":{"line":617,"column":56}},"617":{"start":{"line":618,"column":0},"end":{"line":618,"column":0}},"618":{"start":{"line":619,"column":0},"end":{"line":619,"column":47}},"619":{"start":{"line":620,"column":0},"end":{"line":620,"column":43}},"620":{"start":{"line":621,"column":0},"end":{"line":621,"column":0}},"621":{"start":{"line":622,"column":0},"end":{"line":622,"column":19}},"622":{"start":{"line":623,"column":0},"end":{"line":623,"column":33}},"623":{"start":{"line":624,"column":0},"end":{"line":624,"column":5}},"624":{"start":{"line":625,"column":0},"end":{"line":625,"column":0}},"625":{"start":{"line":626,"column":0},"end":{"line":626,"column":17}},"626":{"start":{"line":627,"column":0},"end":{"line":627,"column":27}},"627":{"start":{"line":628,"column":0},"end":{"line":628,"column":5}},"628":{"start":{"line":629,"column":0},"end":{"line":629,"column":0}},"629":{"start":{"line":630,"column":0},"end":{"line":630,"column":19}},"630":{"start":{"line":631,"column":0},"end":{"line":631,"column":29}},"631":{"start":{"line":632,"column":0},"end":{"line":632,"column":5}},"632":{"start":{"line":633,"column":0},"end":{"line":633,"column":5}},"633":{"start":{"line":634,"column":0},"end":{"line":634,"column":0}},"634":{"start":{"line":635,"column":0},"end":{"line":635,"column":56}},"635":{"start":{"line":636,"column":0},"end":{"line":636,"column":44}},"636":{"start":{"line":637,"column":0},"end":{"line":637,"column":25}},"637":{"start":{"line":638,"column":0},"end":{"line":638,"column":5}},"638":{"start":{"line":639,"column":0},"end":{"line":639,"column":0}},"639":{"start":{"line":640,"column":0},"end":{"line":640,"column":52}},"640":{"start":{"line":641,"column":0},"end":{"line":641,"column":40}},"641":{"start":{"line":642,"column":0},"end":{"line":642,"column":25}},"642":{"start":{"line":643,"column":0},"end":{"line":643,"column":5}},"643":{"start":{"line":644,"column":0},"end":{"line":644,"column":0}},"644":{"start":{"line":645,"column":0},"end":{"line":645,"column":52}},"645":{"start":{"line":646,"column":0},"end":{"line":646,"column":42}},"646":{"start":{"line":647,"column":0},"end":{"line":647,"column":25}},"647":{"start":{"line":648,"column":0},"end":{"line":648,"column":5}},"648":{"start":{"line":649,"column":0},"end":{"line":649,"column":0}},"649":{"start":{"line":650,"column":0},"end":{"line":650,"column":58}},"650":{"start":{"line":651,"column":0},"end":{"line":651,"column":68}},"651":{"start":{"line":652,"column":0},"end":{"line":652,"column":40}},"652":{"start":{"line":653,"column":0},"end":{"line":653,"column":36}},"653":{"start":{"line":654,"column":0},"end":{"line":654,"column":34}},"654":{"start":{"line":655,"column":0},"end":{"line":655,"column":28}},"655":{"start":{"line":656,"column":0},"end":{"line":656,"column":8}},"656":{"start":{"line":657,"column":0},"end":{"line":657,"column":0}},"657":{"start":{"line":658,"column":0},"end":{"line":658,"column":16}},"658":{"start":{"line":659,"column":0},"end":{"line":659,"column":55}},"659":{"start":{"line":660,"column":0},"end":{"line":660,"column":65}},"660":{"start":{"line":661,"column":0},"end":{"line":661,"column":37}},"661":{"start":{"line":662,"column":0},"end":{"line":662,"column":33}},"662":{"start":{"line":663,"column":0},"end":{"line":663,"column":31}},"663":{"start":{"line":664,"column":0},"end":{"line":664,"column":25}},"664":{"start":{"line":665,"column":0},"end":{"line":665,"column":42}},"665":{"start":{"line":666,"column":0},"end":{"line":666,"column":63}},"666":{"start":{"line":667,"column":0},"end":{"line":667,"column":5}},"667":{"start":{"line":668,"column":0},"end":{"line":668,"column":5}},"668":{"start":{"line":669,"column":0},"end":{"line":669,"column":11}},"669":{"start":{"line":670,"column":0},"end":{"line":670,"column":0}},"670":{"start":{"line":671,"column":0},"end":{"line":671,"column":58}},"671":{"start":{"line":672,"column":0},"end":{"line":672,"column":0}},"672":{"start":{"line":673,"column":0},"end":{"line":673,"column":54}},"673":{"start":{"line":674,"column":0},"end":{"line":674,"column":56}},"674":{"start":{"line":675,"column":0},"end":{"line":675,"column":5}},"675":{"start":{"line":676,"column":0},"end":{"line":676,"column":0}},"676":{"start":{"line":677,"column":0},"end":{"line":677,"column":56}},"677":{"start":{"line":678,"column":0},"end":{"line":678,"column":32}},"678":{"start":{"line":679,"column":0},"end":{"line":679,"column":47}},"679":{"start":{"line":680,"column":0},"end":{"line":680,"column":5}},"680":{"start":{"line":681,"column":0},"end":{"line":681,"column":24}},"681":{"start":{"line":682,"column":0},"end":{"line":682,"column":5}},"682":{"start":{"line":683,"column":0},"end":{"line":683,"column":0}},"683":{"start":{"line":684,"column":0},"end":{"line":684,"column":67}},"684":{"start":{"line":685,"column":0},"end":{"line":685,"column":0}},"685":{"start":{"line":686,"column":0},"end":{"line":686,"column":53}},"686":{"start":{"line":687,"column":0},"end":{"line":687,"column":33}},"687":{"start":{"line":688,"column":0},"end":{"line":688,"column":26}},"688":{"start":{"line":689,"column":0},"end":{"line":689,"column":5}},"689":{"start":{"line":690,"column":0},"end":{"line":690,"column":5}},"690":{"start":{"line":691,"column":0},"end":{"line":691,"column":2}},"691":{"start":{"line":692,"column":0},"end":{"line":692,"column":0}},"692":{"start":{"line":693,"column":0},"end":{"line":693,"column":31}},"693":{"start":{"line":694,"column":0},"end":{"line":694,"column":32}},"694":{"start":{"line":695,"column":0},"end":{"line":695,"column":57}},"695":{"start":{"line":696,"column":0},"end":{"line":696,"column":61}},"696":{"start":{"line":697,"column":0},"end":{"line":697,"column":2}},"697":{"start":{"line":698,"column":0},"end":{"line":698,"column":49}},"698":{"start":{"line":699,"column":0},"end":{"line":699,"column":34}},"699":{"start":{"line":700,"column":0},"end":{"line":700,"column":3}},"700":{"start":{"line":701,"column":0},"end":{"line":701,"column":45}},"701":{"start":{"line":702,"column":0},"end":{"line":702,"column":52}},"702":{"start":{"line":703,"column":0},"end":{"line":703,"column":34}},"703":{"start":{"line":704,"column":0},"end":{"line":704,"column":42}},"704":{"start":{"line":705,"column":0},"end":{"line":705,"column":71}},"705":{"start":{"line":706,"column":0},"end":{"line":706,"column":5}},"706":{"start":{"line":707,"column":0},"end":{"line":707,"column":5}},"707":{"start":{"line":708,"column":0},"end":{"line":708,"column":2}},"708":{"start":{"line":709,"column":0},"end":{"line":709,"column":0}},"709":{"start":{"line":710,"column":0},"end":{"line":710,"column":51}},"710":{"start":{"line":711,"column":0},"end":{"line":711,"column":21}},"711":{"start":{"line":712,"column":0},"end":{"line":712,"column":28}},"712":{"start":{"line":713,"column":0},"end":{"line":713,"column":2}},"713":{"start":{"line":714,"column":0},"end":{"line":714,"column":59}},"714":{"start":{"line":715,"column":0},"end":{"line":715,"column":17}},"715":{"start":{"line":716,"column":0},"end":{"line":716,"column":35}},"716":{"start":{"line":717,"column":0},"end":{"line":717,"column":45}},"717":{"start":{"line":718,"column":0},"end":{"line":718,"column":35}},"718":{"start":{"line":719,"column":0},"end":{"line":719,"column":7}},"719":{"start":{"line":720,"column":0},"end":{"line":720,"column":3}},"720":{"start":{"line":721,"column":0},"end":{"line":721,"column":3}},"721":{"start":{"line":722,"column":0},"end":{"line":722,"column":0}},"722":{"start":{"line":723,"column":0},"end":{"line":723,"column":0}},"723":{"start":{"line":724,"column":0},"end":{"line":724,"column":16}},"724":{"start":{"line":725,"column":0},"end":{"line":725,"column":0}},"725":{"start":{"line":726,"column":0},"end":{"line":726,"column":54}},"726":{"start":{"line":727,"column":0},"end":{"line":727,"column":21}},"727":{"start":{"line":728,"column":0},"end":{"line":728,"column":16}},"728":{"start":{"line":729,"column":0},"end":{"line":729,"column":19}},"729":{"start":{"line":730,"column":0},"end":{"line":730,"column":15}},"730":{"start":{"line":731,"column":0},"end":{"line":731,"column":23}},"731":{"start":{"line":732,"column":0},"end":{"line":732,"column":25}},"732":{"start":{"line":733,"column":0},"end":{"line":733,"column":14}},"733":{"start":{"line":734,"column":0},"end":{"line":734,"column":13}},"734":{"start":{"line":735,"column":0},"end":{"line":735,"column":14}},"735":{"start":{"line":736,"column":0},"end":{"line":736,"column":14}},"736":{"start":{"line":737,"column":0},"end":{"line":737,"column":16}},"737":{"start":{"line":738,"column":0},"end":{"line":738,"column":13}},"738":{"start":{"line":739,"column":0},"end":{"line":739,"column":17}},"739":{"start":{"line":740,"column":0},"end":{"line":740,"column":19}},"740":{"start":{"line":741,"column":0},"end":{"line":741,"column":19}},"741":{"start":{"line":742,"column":0},"end":{"line":742,"column":17}},"742":{"start":{"line":743,"column":0},"end":{"line":743,"column":22}},"743":{"start":{"line":744,"column":0},"end":{"line":744,"column":21}},"744":{"start":{"line":745,"column":0},"end":{"line":745,"column":22}},"745":{"start":{"line":746,"column":0},"end":{"line":746,"column":18}},"746":{"start":{"line":747,"column":0},"end":{"line":747,"column":23}},"747":{"start":{"line":748,"column":0},"end":{"line":748,"column":26}},"748":{"start":{"line":749,"column":0},"end":{"line":749,"column":23}},"749":{"start":{"line":750,"column":0},"end":{"line":750,"column":17}},"750":{"start":{"line":751,"column":0},"end":{"line":751,"column":15}},"751":{"start":{"line":752,"column":0},"end":{"line":752,"column":16}},"752":{"start":{"line":753,"column":0},"end":{"line":753,"column":14}},"753":{"start":{"line":754,"column":0},"end":{"line":754,"column":16}},"754":{"start":{"line":755,"column":0},"end":{"line":755,"column":17}},"755":{"start":{"line":756,"column":0},"end":{"line":756,"column":14}},"756":{"start":{"line":757,"column":0},"end":{"line":757,"column":18}},"757":{"start":{"line":758,"column":0},"end":{"line":758,"column":20}},"758":{"start":{"line":759,"column":0},"end":{"line":759,"column":4}},"759":{"start":{"line":760,"column":0},"end":{"line":760,"column":1}}},"s":{"0":1,"1":1,"2":1,"3":1,"4":3,"5":3,"6":3,"7":3,"8":3,"9":3,"10":3,"11":3,"12":1,"13":1,"14":1,"15":1,"16":1,"17":1,"18":1,"19":1,"20":1,"21":1,"22":1,"23":1,"24":1,"25":1,"26":1,"27":1,"28":1,"29":1,"30":1,"31":1,"32":1,"33":1,"34":1,"35":1,"36":1,"37":1,"38":1,"39":1,"40":1,"41":1,"42":1,"43":1,"44":1,"45":1,"46":1,"47":1,"48":1,"49":1,"50":1,"51":1,"52":1,"53":1,"54":1,"55":1,"56":1,"57":1,"58":1,"59":1,"60":1,"61":1,"62":1,"63":1,"64":1,"65":1,"66":2,"67":2,"68":1,"69":1,"70":2,"71":2,"72":1,"73":1,"74":2,"75":2,"76":2,"77":1,"78":1,"79":4,"80":4,"81":1,"82":1,"83":3,"84":3,"85":3,"86":3,"87":3,"88":3,"89":3,"90":3,"91":1,"92":1,"93":2,"94":2,"95":2,"96":1,"97":1,"98":2,"99":2,"100":2,"101":2,"102":2,"103":2,"104":1,"105":1,"106":5,"107":5,"108":5,"109":5,"110":5,"111":5,"112":5,"113":5,"114":20,"115":20,"116":5,"117":5,"118":1,"119":1,"120":0,"121":0,"122":0,"123":1,"124":1,"125":2,"126":2,"127":2,"128":2,"129":2,"130":2,"131":2,"132":2,"133":2,"134":2,"135":2,"136":0,"137":0,"138":0,"139":2,"140":2,"141":0,"142":0,"143":0,"144":2,"145":2,"146":0,"147":0,"148":0,"149":2,"150":2,"151":0,"152":0,"153":0,"154":2,"155":2,"156":2,"157":1,"158":1,"159":2,"160":2,"161":2,"162":2,"163":2,"164":2,"165":1,"166":1,"167":1,"168":0,"169":0,"170":0,"171":1,"172":1,"173":1,"174":1,"175":1,"176":1,"177":1,"178":0,"179":0,"180":0,"181":0,"182":1,"183":1,"184":1,"185":1,"186":1,"187":1,"188":1,"189":1,"190":1,"191":1,"192":1,"193":1,"194":1,"195":1,"196":1,"197":1,"198":1,"199":1,"200":1,"201":1,"202":1,"203":0,"204":0,"205":0,"206":0,"207":0,"208":0,"209":0,"210":1,"211":1,"212":1,"213":1,"214":1,"215":1,"216":1,"217":1,"218":1,"219":1,"220":1,"221":1,"222":1,"223":1,"224":1,"225":1,"226":1,"227":1,"228":1,"229":1,"230":0,"231":0,"232":0,"233":0,"234":1,"235":1,"236":1,"237":1,"238":1,"239":1,"240":1,"241":1,"242":1,"243":1,"244":1,"245":1,"246":1,"247":1,"248":1,"249":1,"250":1,"251":1,"252":1,"253":1,"254":1,"255":1,"256":0,"257":1,"258":1,"259":1,"260":1,"261":1,"262":1,"263":1,"264":1,"265":1,"266":1,"267":1,"268":1,"269":1,"270":1,"271":1,"272":1,"273":0,"274":0,"275":0,"276":0,"277":0,"278":0,"279":0,"280":0,"281":0,"282":0,"283":0,"284":0,"285":0,"286":0,"287":0,"288":0,"289":0,"290":0,"291":0,"292":1,"293":1,"294":1,"295":1,"296":1,"297":1,"298":1,"299":1,"300":1,"301":1,"302":1,"303":1,"304":1,"305":1,"306":1,"307":1,"308":1,"309":1,"310":1,"311":1,"312":1,"313":1,"314":1,"315":8,"316":8,"317":8,"318":8,"319":8,"320":8,"321":8,"322":8,"323":8,"324":8,"325":8,"326":8,"327":8,"328":8,"329":8,"330":8,"331":8,"332":1,"333":1,"334":8,"335":8,"336":8,"337":8,"338":8,"339":6,"340":6,"341":6,"342":6,"343":6,"344":6,"345":6,"346":6,"347":6,"348":2,"349":2,"350":2,"351":2,"352":2,"353":2,"354":2,"355":2,"356":2,"357":2,"358":2,"359":2,"360":2,"361":2,"362":1,"363":1,"364":1,"365":1,"366":1,"367":1,"368":1,"369":1,"370":1,"371":1,"372":1,"373":1,"374":1,"375":1,"376":1,"377":1,"378":1,"379":1,"380":1,"381":1,"382":1,"383":1,"384":1,"385":1,"386":1,"387":2,"388":2,"389":2,"390":2,"391":2,"392":2,"393":2,"394":2,"395":2,"396":2,"397":2,"398":2,"399":2,"400":2,"401":2,"402":2,"403":2,"404":2,"405":2,"406":2,"407":2,"408":2,"409":2,"410":2,"411":1,"412":1,"413":9,"414":9,"415":9,"416":3,"417":3,"418":3,"419":3,"420":3,"421":3,"422":3,"423":3,"424":3,"425":3,"426":9,"427":9,"428":1,"429":1,"430":3,"431":3,"432":3,"433":3,"434":3,"435":3,"436":3,"437":3,"438":3,"439":3,"440":3,"441":3,"442":3,"443":3,"444":3,"445":3,"446":3,"447":3,"448":3,"449":3,"450":3,"451":3,"452":3,"453":1,"454":1,"455":43,"456":43,"457":43,"458":43,"459":43,"460":1,"461":1,"462":3,"463":3,"464":3,"465":3,"466":3,"467":3,"468":3,"469":1,"470":1,"471":8,"472":8,"473":8,"474":8,"475":8,"476":8,"477":8,"478":8,"479":8,"480":8,"481":8,"482":8,"483":8,"484":8,"485":8,"486":8,"487":8,"488":8,"489":8,"490":8,"491":8,"492":8,"493":8,"494":8,"495":8,"496":8,"497":8,"498":8,"499":8,"500":8,"501":8,"502":8,"503":8,"504":8,"505":8,"506":8,"507":8,"508":8,"509":8,"510":8,"511":8,"512":8,"513":8,"514":8,"515":8,"516":8,"517":8,"518":8,"519":8,"520":8,"521":8,"522":8,"523":8,"524":8,"525":8,"526":8,"527":8,"528":8,"529":8,"530":8,"531":8,"532":8,"533":1,"534":1,"535":7,"536":7,"537":7,"538":7,"539":1,"540":1,"541":1,"542":0,"543":0,"544":0,"545":1,"546":1,"547":1,"548":1,"549":1,"550":1,"551":1,"552":1,"553":1,"554":1,"555":1,"556":1,"557":1,"558":1,"559":1,"560":1,"561":1,"562":1,"563":1,"564":1,"565":1,"566":1,"567":1,"568":1,"569":1,"570":1,"571":1,"572":1,"573":1,"574":2,"575":2,"576":2,"577":2,"578":2,"579":2,"580":2,"581":2,"582":0,"583":0,"584":2,"585":1,"586":2,"587":2,"588":2,"589":2,"590":2,"591":2,"592":2,"593":2,"594":1,"595":1,"596":1,"597":1,"598":1,"599":1,"600":1,"601":0,"602":1,"603":1,"604":1,"605":0,"606":0,"607":1,"608":1,"609":1,"610":0,"611":1,"612":1,"613":1,"614":0,"615":0,"616":0,"617":0,"618":0,"619":0,"620":0,"621":0,"622":0,"623":0,"624":0,"625":0,"626":0,"627":0,"628":0,"629":0,"630":0,"631":0,"632":1,"633":1,"634":1,"635":0,"636":0,"637":1,"638":1,"639":1,"640":0,"641":0,"642":1,"643":1,"644":1,"645":0,"646":0,"647":1,"648":1,"649":1,"650":1,"651":1,"652":1,"653":1,"654":1,"655":1,"656":1,"657":1,"658":1,"659":0,"660":0,"661":0,"662":0,"663":0,"664":0,"665":0,"666":0,"667":1,"668":1,"669":1,"670":1,"671":1,"672":1,"673":0,"674":1,"675":1,"676":1,"677":0,"678":0,"679":0,"680":0,"681":1,"682":1,"683":1,"684":1,"685":1,"686":0,"687":0,"688":0,"689":1,"690":1,"691":1,"692":1,"693":1,"694":2,"695":2,"696":2,"697":2,"698":2,"699":2,"700":2,"701":0,"702":0,"703":0,"704":0,"705":0,"706":2,"707":2,"708":1,"709":1,"710":1,"711":1,"712":1,"713":1,"714":1,"715":1,"716":1,"717":0,"718":1,"719":1,"720":1,"721":1,"722":1,"723":1,"724":1,"725":1,"726":1,"727":1,"728":1,"729":1,"730":1,"731":1,"732":1,"733":1,"734":1,"735":1,"736":1,"737":1,"738":1,"739":1,"740":1,"741":1,"742":1,"743":1,"744":1,"745":1,"746":1,"747":1,"748":1,"749":1,"750":1,"751":1,"752":1,"753":1,"754":1,"755":1,"756":1,"757":1,"758":1,"759":1},"branchMap":{"0":{"type":"branch","line":1,"loc":{"start":{"line":1,"column":0},"end":{"line":760,"column":1}},"locations":[{"start":{"line":1,"column":0},"end":{"line":760,"column":1}}]},"1":{"type":"branch","line":4,"loc":{"start":{"line":4,"column":19},"end":{"line":12,"column":2}},"locations":[{"start":{"line":4,"column":19},"end":{"line":12,"column":2}}]},"2":{"type":"branch","line":5,"loc":{"start":{"line":5,"column":12},"end":{"line":5,"column":22}},"locations":[{"start":{"line":5,"column":12},"end":{"line":5,"column":22}}]},"3":{"type":"branch","line":66,"loc":{"start":{"line":66,"column":19},"end":{"line":68,"column":2}},"locations":[{"start":{"line":66,"column":19},"end":{"line":68,"column":2}}]},"4":{"type":"branch","line":70,"loc":{"start":{"line":70,"column":27},"end":{"line":72,"column":2}},"locations":[{"start":{"line":70,"column":27},"end":{"line":72,"column":2}}]},"5":{"type":"branch","line":74,"loc":{"start":{"line":74,"column":29},"end":{"line":77,"column":2}},"locations":[{"start":{"line":74,"column":29},"end":{"line":77,"column":2}}]},"6":{"type":"branch","line":76,"loc":{"start":{"line":76,"column":30},"end":{"line":76,"column":50}},"locations":[{"start":{"line":76,"column":30},"end":{"line":76,"column":50}}]},"7":{"type":"branch","line":79,"loc":{"start":{"line":79,"column":18},"end":{"line":81,"column":2}},"locations":[{"start":{"line":79,"column":18},"end":{"line":81,"column":2}}]},"8":{"type":"branch","line":83,"loc":{"start":{"line":83,"column":17},"end":{"line":91,"column":2}},"locations":[{"start":{"line":83,"column":17},"end":{"line":91,"column":2}}]},"9":{"type":"branch","line":87,"loc":{"start":{"line":87,"column":22},"end":{"line":87,"column":58}},"locations":[{"start":{"line":87,"column":22},"end":{"line":87,"column":58}}]},"10":{"type":"branch","line":87,"loc":{"start":{"line":87,"column":59},"end":{"line":87,"column":97}},"locations":[{"start":{"line":87,"column":59},"end":{"line":87,"column":97}}]},"11":{"type":"branch","line":93,"loc":{"start":{"line":93,"column":18},"end":{"line":96,"column":2}},"locations":[{"start":{"line":93,"column":18},"end":{"line":96,"column":2}}]},"12":{"type":"branch","line":95,"loc":{"start":{"line":95,"column":23},"end":{"line":95,"column":32}},"locations":[{"start":{"line":95,"column":23},"end":{"line":95,"column":32}}]},"13":{"type":"branch","line":98,"loc":{"start":{"line":98,"column":18},"end":{"line":104,"column":2}},"locations":[{"start":{"line":98,"column":18},"end":{"line":104,"column":2}}]},"14":{"type":"branch","line":100,"loc":{"start":{"line":100,"column":48},"end":{"line":100,"column":65}},"locations":[{"start":{"line":100,"column":48},"end":{"line":100,"column":65}}]},"15":{"type":"branch","line":106,"loc":{"start":{"line":106,"column":20},"end":{"line":118,"column":2}},"locations":[{"start":{"line":106,"column":20},"end":{"line":118,"column":2}}]},"16":{"type":"branch","line":114,"loc":{"start":{"line":114,"column":17},"end":{"line":117,"column":3}},"locations":[{"start":{"line":114,"column":17},"end":{"line":117,"column":3}}]},"17":{"type":"branch","line":125,"loc":{"start":{"line":125,"column":21},"end":{"line":157,"column":2}},"locations":[{"start":{"line":125,"column":21},"end":{"line":157,"column":2}}]},"18":{"type":"branch","line":136,"loc":{"start":{"line":136,"column":14},"end":{"line":139,"column":3}},"locations":[{"start":{"line":136,"column":14},"end":{"line":139,"column":3}}]},"19":{"type":"branch","line":141,"loc":{"start":{"line":141,"column":60},"end":{"line":144,"column":3}},"locations":[{"start":{"line":141,"column":60},"end":{"line":144,"column":3}}]},"20":{"type":"branch","line":146,"loc":{"start":{"line":146,"column":17},"end":{"line":149,"column":3}},"locations":[{"start":{"line":146,"column":17},"end":{"line":149,"column":3}}]},"21":{"type":"branch","line":151,"loc":{"start":{"line":151,"column":13},"end":{"line":154,"column":3}},"locations":[{"start":{"line":151,"column":13},"end":{"line":154,"column":3}}]},"22":{"type":"branch","line":159,"loc":{"start":{"line":159,"column":23},"end":{"line":165,"column":2}},"locations":[{"start":{"line":159,"column":23},"end":{"line":165,"column":2}}]},"23":{"type":"branch","line":167,"loc":{"start":{"line":167,"column":23},"end":{"line":199,"column":2}},"locations":[{"start":{"line":167,"column":23},"end":{"line":199,"column":2}}]},"24":{"type":"branch","line":168,"loc":{"start":{"line":168,"column":23},"end":{"line":171,"column":3}},"locations":[{"start":{"line":168,"column":23},"end":{"line":171,"column":3}}]},"25":{"type":"branch","line":178,"loc":{"start":{"line":178,"column":23},"end":{"line":183,"column":3}},"locations":[{"start":{"line":178,"column":23},"end":{"line":183,"column":3}}]},"26":{"type":"branch","line":201,"loc":{"start":{"line":201,"column":21},"end":{"line":215,"column":2}},"locations":[{"start":{"line":201,"column":21},"end":{"line":215,"column":2}}]},"27":{"type":"branch","line":204,"loc":{"start":{"line":204,"column":-2},"end":{"line":211,"column":68}},"locations":[{"start":{"line":204,"column":-2},"end":{"line":211,"column":68}}]},"28":{"type":"branch","line":214,"loc":{"start":{"line":214,"column":33},"end":{"line":214,"column":59}},"locations":[{"start":{"line":214,"column":33},"end":{"line":214,"column":59}}]},"29":{"type":"branch","line":202,"loc":{"start":{"line":202,"column":46},"end":{"line":202,"column":66}},"locations":[{"start":{"line":202,"column":46},"end":{"line":202,"column":66}}]},"30":{"type":"branch","line":225,"loc":{"start":{"line":225,"column":26},"end":{"line":235,"column":2}},"locations":[{"start":{"line":225,"column":26},"end":{"line":235,"column":2}}]},"31":{"type":"branch","line":230,"loc":{"start":{"line":230,"column":22},"end":{"line":230,"column":47}},"locations":[{"start":{"line":230,"column":22},"end":{"line":230,"column":47}}]},"32":{"type":"branch","line":230,"loc":{"start":{"line":230,"column":49},"end":{"line":234,"column":3}},"locations":[{"start":{"line":230,"column":49},"end":{"line":234,"column":3}}]},"33":{"type":"branch","line":226,"loc":{"start":{"line":226,"column":49},"end":{"line":226,"column":69}},"locations":[{"start":{"line":226,"column":49},"end":{"line":226,"column":69}}]},"34":{"type":"branch","line":250,"loc":{"start":{"line":250,"column":25},"end":{"line":260,"column":2}},"locations":[{"start":{"line":250,"column":25},"end":{"line":260,"column":2}}]},"35":{"type":"branch","line":262,"loc":{"start":{"line":262,"column":26},"end":{"line":270,"column":2}},"locations":[{"start":{"line":262,"column":26},"end":{"line":270,"column":2}}]},"36":{"type":"branch","line":315,"loc":{"start":{"line":315,"column":22},"end":{"line":332,"column":2}},"locations":[{"start":{"line":315,"column":22},"end":{"line":332,"column":2}}]},"37":{"type":"branch","line":317,"loc":{"start":{"line":317,"column":18},"end":{"line":317,"column":48}},"locations":[{"start":{"line":317,"column":18},"end":{"line":317,"column":48}}]},"38":{"type":"branch","line":320,"loc":{"start":{"line":320,"column":12},"end":{"line":320,"column":33}},"locations":[{"start":{"line":320,"column":12},"end":{"line":320,"column":33}}]},"39":{"type":"branch","line":321,"loc":{"start":{"line":321,"column":12},"end":{"line":321,"column":49}},"locations":[{"start":{"line":321,"column":12},"end":{"line":321,"column":49}}]},"40":{"type":"branch","line":324,"loc":{"start":{"line":324,"column":12},"end":{"line":324,"column":33}},"locations":[{"start":{"line":324,"column":12},"end":{"line":324,"column":33}}]},"41":{"type":"branch","line":334,"loc":{"start":{"line":334,"column":27},"end":{"line":362,"column":2}},"locations":[{"start":{"line":334,"column":27},"end":{"line":362,"column":2}}]},"42":{"type":"branch","line":339,"loc":{"start":{"line":339,"column":29},"end":{"line":348,"column":3}},"locations":[{"start":{"line":339,"column":29},"end":{"line":348,"column":3}}]},"43":{"type":"branch","line":349,"loc":{"start":{"line":349,"column":-2},"end":{"line":362,"column":2}},"locations":[{"start":{"line":349,"column":-2},"end":{"line":362,"column":2}}]},"44":{"type":"branch","line":354,"loc":{"start":{"line":354,"column":6},"end":{"line":359,"column":7}},"locations":[{"start":{"line":354,"column":6},"end":{"line":359,"column":7}}]},"45":{"type":"branch","line":387,"loc":{"start":{"line":387,"column":30},"end":{"line":411,"column":2}},"locations":[{"start":{"line":387,"column":30},"end":{"line":411,"column":2}}]},"46":{"type":"branch","line":388,"loc":{"start":{"line":388,"column":54},"end":{"line":388,"column":73}},"locations":[{"start":{"line":388,"column":54},"end":{"line":388,"column":73}}]},"47":{"type":"branch","line":413,"loc":{"start":{"line":413,"column":27},"end":{"line":428,"column":2}},"locations":[{"start":{"line":413,"column":27},"end":{"line":428,"column":2}}]},"48":{"type":"branch","line":416,"loc":{"start":{"line":416,"column":35},"end":{"line":427,"column":3}},"locations":[{"start":{"line":416,"column":35},"end":{"line":427,"column":3}}]},"49":{"type":"branch","line":417,"loc":{"start":{"line":417,"column":47},"end":{"line":417,"column":74}},"locations":[{"start":{"line":417,"column":47},"end":{"line":417,"column":74}}]},"50":{"type":"branch","line":420,"loc":{"start":{"line":420,"column":21},"end":{"line":421,"column":42}},"locations":[{"start":{"line":420,"column":21},"end":{"line":421,"column":42}}]},"51":{"type":"branch","line":421,"loc":{"start":{"line":421,"column":43},"end":{"line":422,"column":43}},"locations":[{"start":{"line":421,"column":43},"end":{"line":422,"column":43}}]},"52":{"type":"branch","line":430,"loc":{"start":{"line":430,"column":21},"end":{"line":453,"column":2}},"locations":[{"start":{"line":430,"column":21},"end":{"line":453,"column":2}}]},"53":{"type":"branch","line":438,"loc":{"start":{"line":438,"column":17},"end":{"line":450,"column":3}},"locations":[{"start":{"line":438,"column":17},"end":{"line":450,"column":3}}]},"54":{"type":"branch","line":455,"loc":{"start":{"line":455,"column":23},"end":{"line":460,"column":2}},"locations":[{"start":{"line":455,"column":23},"end":{"line":460,"column":2}}]},"55":{"type":"branch","line":462,"loc":{"start":{"line":462,"column":19},"end":{"line":469,"column":2}},"locations":[{"start":{"line":462,"column":19},"end":{"line":469,"column":2}}]},"56":{"type":"branch","line":471,"loc":{"start":{"line":471,"column":20},"end":{"line":533,"column":2}},"locations":[{"start":{"line":471,"column":20},"end":{"line":533,"column":2}}]},"57":{"type":"branch","line":473,"loc":{"start":{"line":473,"column":15},"end":{"line":473,"column":22}},"locations":[{"start":{"line":473,"column":15},"end":{"line":473,"column":22}}]},"58":{"type":"branch","line":476,"loc":{"start":{"line":476,"column":38},"end":{"line":476,"column":42}},"locations":[{"start":{"line":476,"column":38},"end":{"line":476,"column":42}}]},"59":{"type":"branch","line":522,"loc":{"start":{"line":522,"column":42},"end":{"line":522,"column":53}},"locations":[{"start":{"line":522,"column":42},"end":{"line":522,"column":53}}]},"60":{"type":"branch","line":522,"loc":{"start":{"line":522,"column":54},"end":{"line":522,"column":65}},"locations":[{"start":{"line":522,"column":54},"end":{"line":522,"column":65}}]},"61":{"type":"branch","line":490,"loc":{"start":{"line":490,"column":41},"end":{"line":490,"column":58}},"locations":[{"start":{"line":490,"column":41},"end":{"line":490,"column":58}}]},"62":{"type":"branch","line":491,"loc":{"start":{"line":491,"column":32},"end":{"line":491,"column":44}},"locations":[{"start":{"line":491,"column":32},"end":{"line":491,"column":44}}]},"63":{"type":"branch","line":491,"loc":{"start":{"line":491,"column":53},"end":{"line":491,"column":68}},"locations":[{"start":{"line":491,"column":53},"end":{"line":491,"column":68}}]},"64":{"type":"branch","line":493,"loc":{"start":{"line":493,"column":19},"end":{"line":493,"column":31}},"locations":[{"start":{"line":493,"column":19},"end":{"line":493,"column":31}}]},"65":{"type":"branch","line":535,"loc":{"start":{"line":535,"column":18},"end":{"line":539,"column":2}},"locations":[{"start":{"line":535,"column":18},"end":{"line":539,"column":2}}]},"66":{"type":"branch","line":541,"loc":{"start":{"line":541,"column":20},"end":{"line":573,"column":2}},"locations":[{"start":{"line":541,"column":20},"end":{"line":573,"column":2}}]},"67":{"type":"branch","line":542,"loc":{"start":{"line":542,"column":39},"end":{"line":545,"column":3}},"locations":[{"start":{"line":542,"column":39},"end":{"line":545,"column":3}}]},"68":{"type":"branch","line":572,"loc":{"start":{"line":572,"column":33},"end":{"line":572,"column":51}},"locations":[{"start":{"line":572,"column":33},"end":{"line":572,"column":51}}]},"69":{"type":"branch","line":548,"loc":{"start":{"line":548,"column":38},"end":{"line":553,"column":3}},"locations":[{"start":{"line":548,"column":38},"end":{"line":553,"column":3}}]},"70":{"type":"branch","line":556,"loc":{"start":{"line":556,"column":9},"end":{"line":557,"column":76}},"locations":[{"start":{"line":556,"column":9},"end":{"line":557,"column":76}}]},"71":{"type":"branch","line":557,"loc":{"start":{"line":557,"column":14},"end":{"line":557,"column":65}},"locations":[{"start":{"line":557,"column":14},"end":{"line":557,"column":65}}]},"72":{"type":"branch","line":575,"loc":{"start":{"line":575,"column":0},"end":{"line":585,"column":1}},"locations":[{"start":{"line":575,"column":0},"end":{"line":585,"column":1}}]},"73":{"type":"branch","line":582,"loc":{"start":{"line":582,"column":4},"end":{"line":584,"column":3}},"locations":[{"start":{"line":582,"column":4},"end":{"line":584,"column":3}}]},"74":{"type":"branch","line":587,"loc":{"start":{"line":587,"column":0},"end":{"line":594,"column":1}},"locations":[{"start":{"line":587,"column":0},"end":{"line":594,"column":1}}]},"75":{"type":"branch","line":588,"loc":{"start":{"line":588,"column":46},"end":{"line":593,"column":3}},"locations":[{"start":{"line":588,"column":46},"end":{"line":593,"column":3}}]},"76":{"type":"branch","line":596,"loc":{"start":{"line":596,"column":22},"end":{"line":691,"column":2}},"locations":[{"start":{"line":596,"column":22},"end":{"line":691,"column":2}}]},"77":{"type":"branch","line":694,"loc":{"start":{"line":694,"column":25},"end":{"line":708,"column":2}},"locations":[{"start":{"line":694,"column":25},"end":{"line":708,"column":2}}]},"78":{"type":"branch","line":710,"loc":{"start":{"line":710,"column":44},"end":{"line":721,"column":2}},"locations":[{"start":{"line":710,"column":44},"end":{"line":721,"column":2}}]}},"b":{"0":[1],"1":[3],"2":[0],"3":[2],"4":[2],"5":[2],"6":[0],"7":[4],"8":[3],"9":[1],"10":[2],"11":[2],"12":[1],"13":[2],"14":[0],"15":[5],"16":[20],"17":[2],"18":[0],"19":[0],"20":[0],"21":[0],"22":[2],"23":[1],"24":[0],"25":[0],"26":[1],"27":[0],"28":[0],"29":[1],"30":[1],"31":[0],"32":[0],"33":[1],"34":[1],"35":[1],"36":[8],"37":[2],"38":[2],"39":[2],"40":[2],"41":[8],"42":[6],"43":[2],"44":[2],"45":[2],"46":[0],"47":[9],"48":[3],"49":[0],"50":[0],"51":[0],"52":[3],"53":[3],"54":[43],"55":[3],"56":[8],"57":[0],"58":[0],"59":[3],"60":[5],"61":[2],"62":[2],"63":[2],"64":[2],"65":[7],"66":[1],"67":[0],"68":[0],"69":[1],"70":[2],"71":[8],"72":[2],"73":[0],"74":[2],"75":[2],"76":[1],"77":[2],"78":[1]},"fnMap":{"0":{"name":"escapeHTML","decl":{"start":{"line":4,"column":19},"end":{"line":12,"column":2}},"loc":{"start":{"line":4,"column":19},"end":{"line":12,"column":2}},"line":4},"1":{"name":"generateID","decl":{"start":{"line":66,"column":19},"end":{"line":68,"column":2}},"loc":{"start":{"line":66,"column":19},"end":{"line":68,"column":2}},"line":66},"2":{"name":"saveToLocalStorage","decl":{"start":{"line":70,"column":27},"end":{"line":72,"column":2}},"loc":{"start":{"line":70,"column":27},"end":{"line":72,"column":2}},"line":70},"3":{"name":"loadFromLocalStorage","decl":{"start":{"line":74,"column":29},"end":{"line":77,"column":2}},"loc":{"start":{"line":74,"column":29},"end":{"line":77,"column":2}},"line":74},"4":{"name":"saveTheme","decl":{"start":{"line":79,"column":18},"end":{"line":81,"column":2}},"loc":{"start":{"line":79,"column":18},"end":{"line":81,"column":2}},"line":79},"5":{"name":"setTheme","decl":{"start":{"line":83,"column":17},"end":{"line":91,"column":2}},"loc":{"start":{"line":83,"column":17},"end":{"line":91,"column":2}},"line":83},"6":{"name":"loadTheme","decl":{"start":{"line":93,"column":18},"end":{"line":96,"column":2}},"loc":{"start":{"line":93,"column":18},"end":{"line":96,"column":2}},"line":93},"7":{"name":"showToast","decl":{"start":{"line":98,"column":18},"end":{"line":104,"column":2}},"loc":{"start":{"line":98,"column":18},"end":{"line":104,"column":2}},"line":98},"8":{"name":"clearErrors","decl":{"start":{"line":106,"column":20},"end":{"line":118,"column":2}},"loc":{"start":{"line":106,"column":20},"end":{"line":118,"column":2}},"line":106},"9":{"name":"setError","decl":{"start":{"line":120,"column":17},"end":{"line":123,"column":2}},"loc":{"start":{"line":120,"column":17},"end":{"line":123,"column":2}},"line":120},"10":{"name":"validateForm","decl":{"start":{"line":125,"column":21},"end":{"line":157,"column":2}},"loc":{"start":{"line":125,"column":21},"end":{"line":157,"column":2}},"line":125},"11":{"name":"resetFormState","decl":{"start":{"line":159,"column":23},"end":{"line":165,"column":2}},"loc":{"start":{"line":159,"column":23},"end":{"line":165,"column":2}},"line":159},"12":{"name":"addTransaction","decl":{"start":{"line":167,"column":23},"end":{"line":199,"column":2}},"loc":{"start":{"line":167,"column":23},"end":{"line":199,"column":2}},"line":167},"13":{"name":"startEditing","decl":{"start":{"line":201,"column":21},"end":{"line":215,"column":2}},"loc":{"start":{"line":201,"column":21},"end":{"line":215,"column":2}},"line":201},"14":{"name":"deleteTransaction","decl":{"start":{"line":225,"column":26},"end":{"line":235,"column":2}},"loc":{"start":{"line":225,"column":26},"end":{"line":235,"column":2}},"line":225},"15":{"name":"openConfirmModal","decl":{"start":{"line":250,"column":25},"end":{"line":260,"column":2}},"loc":{"start":{"line":250,"column":25},"end":{"line":260,"column":2}},"line":250},"16":{"name":"closeConfirmModal","decl":{"start":{"line":262,"column":26},"end":{"line":270,"column":2}},"loc":{"start":{"line":262,"column":26},"end":{"line":270,"column":2}},"line":262},"17":{"name":"handleModalTab","decl":{"start":{"line":273,"column":23},"end":{"line":292,"column":2}},"loc":{"start":{"line":273,"column":23},"end":{"line":292,"column":2}},"line":273},"18":{"name":"renderSummary","decl":{"start":{"line":315,"column":22},"end":{"line":332,"column":2}},"loc":{"start":{"line":315,"column":22},"end":{"line":332,"column":2}},"line":315},"19":{"name":"toCents","decl":{"start":{"line":317,"column":18},"end":{"line":317,"column":48}},"loc":{"start":{"line":317,"column":18},"end":{"line":317,"column":48}},"line":317},"20":{"name":"renderTransactions","decl":{"start":{"line":334,"column":27},"end":{"line":362,"column":2}},"loc":{"start":{"line":334,"column":27},"end":{"line":362,"column":2}},"line":334},"21":{"name":"renderTransactionItem","decl":{"start":{"line":387,"column":30},"end":{"line":411,"column":2}},"loc":{"start":{"line":387,"column":30},"end":{"line":411,"column":2}},"line":387},"22":{"name":"filterTransactions","decl":{"start":{"line":413,"column":27},"end":{"line":428,"column":2}},"loc":{"start":{"line":413,"column":27},"end":{"line":428,"column":2}},"line":413},"23":{"name":"groupByMonth","decl":{"start":{"line":430,"column":21},"end":{"line":453,"column":2}},"loc":{"start":{"line":430,"column":21},"end":{"line":453,"column":2}},"line":430},"24":{"name":"formatCurrency","decl":{"start":{"line":455,"column":23},"end":{"line":460,"column":2}},"loc":{"start":{"line":455,"column":23},"end":{"line":460,"column":2}},"line":455},"25":{"name":"formatDate","decl":{"start":{"line":462,"column":19},"end":{"line":469,"column":2}},"loc":{"start":{"line":462,"column":19},"end":{"line":469,"column":2}},"line":462},"26":{"name":"renderChart","decl":{"start":{"line":471,"column":20},"end":{"line":533,"column":2}},"loc":{"start":{"line":471,"column":20},"end":{"line":533,"column":2}},"line":471},"27":{"name":"renderApp","decl":{"start":{"line":535,"column":18},"end":{"line":539,"column":2}},"loc":{"start":{"line":535,"column":18},"end":{"line":539,"column":2}},"line":535},"28":{"name":"exportToCSV","decl":{"start":{"line":541,"column":20},"end":{"line":573,"column":2}},"loc":{"start":{"line":541,"column":20},"end":{"line":573,"column":2}},"line":541},"29":{"name":"loadLanguage","decl":{"start":{"line":575,"column":0},"end":{"line":585,"column":1}},"loc":{"start":{"line":575,"column":0},"end":{"line":585,"column":1}},"line":575},"30":{"name":"applyI18n","decl":{"start":{"line":587,"column":0},"end":{"line":594,"column":1}},"loc":{"start":{"line":587,"column":0},"end":{"line":594,"column":1}},"line":587},"31":{"name":"initializeApp","decl":{"start":{"line":596,"column":22},"end":{"line":691,"column":2}},"loc":{"start":{"line":596,"column":22},"end":{"line":691,"column":2}},"line":596},"32":{"name":"initCookieBanner","decl":{"start":{"line":694,"column":25},"end":{"line":708,"column":2}},"loc":{"start":{"line":694,"column":25},"end":{"line":708,"column":2}},"line":694}},"f":{"0":3,"1":2,"2":2,"3":2,"4":4,"5":3,"6":2,"7":2,"8":5,"9":0,"10":2,"11":2,"12":1,"13":1,"14":1,"15":1,"16":1,"17":0,"18":8,"19":2,"20":8,"21":2,"22":9,"23":3,"24":43,"25":3,"26":8,"27":7,"28":1,"29":2,"30":2,"31":1,"32":2}}
}
